Query 1
Nearest neighbor-1: 229
distanceApproximate: 1746.94
distanceTrue: 1746.94
Query 2
Nearest neighbor-1: 695
distanceApproximate: 2080.98
distanceTrue: 2080.98
Query 3
Nearest neighbor-1: 490
distanceApproximate: 1464.77
distanceTrue: 1464.77
Query 4
Nearest neighbor-1: 681
distanceApproximate: 2469.12
distanceTrue: 2469.12
Query 5
Nearest neighbor-1: 23
distanceApproximate: 2039.39
distanceTrue: 2039.39
Query 6
Nearest neighbor-1: 210
distanceApproximate: 1562.11
distanceTrue: 1562.11
Query 7
Nearest neighbor-1: 26
distanceApproximate: 1841.59
distanceTrue: 1841.59
Query 8
Nearest neighbor-1: 247
distanceApproximate: 1805.28
distanceTrue: 1805.28
Query 9
Nearest neighbor-1: 258
distanceApproximate: 2486.92
distanceTrue: 2486.92
Query 10
Nearest neighbor-1: 901
distanceApproximate: 2084.72
distanceTrue: 2084.72
Query 11
Nearest neighbor-1: 253
distanceApproximate: 2397.79
distanceTrue: 2397.79
Query 12
Nearest neighbor-1: 895
distanceApproximate: 2265.49
distanceTrue: 2265.49
Query 13
Nearest neighbor-1: 505
distanceApproximate: 2085.69
distanceTrue: 2085.69
Query 14
Nearest neighbor-1: 699
distanceApproximate: 1898.4
distanceTrue: 1898.4
Query 15
Nearest neighbor-1: 707
distanceApproximate: 1189.81
distanceTrue: 1189.81
Query 16
Nearest neighbor-1: 43
distanceApproximate: 2078.43
distanceTrue: 2078.43
Query 17
Nearest neighbor-1: 275
distanceApproximate: 2071.7
distanceTrue: 2071.7
Query 18
Nearest neighbor-1: 688
distanceApproximate: 1922.1
distanceTrue: 1922.1
Query 19
Nearest neighbor-1: 510
distanceApproximate: 2191.34
distanceTrue: 2191.34
Query 20
Nearest neighbor-1: 683
distanceApproximate: 1821.35
distanceTrue: 1821.35
Query 21
Nearest neighbor-1: 503
distanceApproximate: 1925.82
distanceTrue: 1925.82
Query 22
Nearest neighbor-1: 26
distanceApproximate: 2132.8
distanceTrue: 2132.8
Query 23
Nearest neighbor-1: 35
distanceApproximate: 2109.49
distanceTrue: 2109.49
Query 24
Nearest neighbor-1: 273
distanceApproximate: 1960.52
distanceTrue: 1960.52
Query 25
Nearest neighbor-1: 42
distanceApproximate: 1552.25
distanceTrue: 1552.25
Query 26
Nearest neighbor-1: 517
distanceApproximate: 2639.59
distanceTrue: 2639.59
Query 27
Nearest neighbor-1: 482
distanceApproximate: 1603.8
distanceTrue: 1603.8
Query 28
Nearest neighbor-1: 922
distanceApproximate: 2021.05
distanceTrue: 2021.05
Query 29
Nearest neighbor-1: 34
distanceApproximate: 2305.51
distanceTrue: 2305.51
Query 30
Nearest neighbor-1: 6
distanceApproximate: 1344.15
distanceTrue: 1344.15
Query 31
Nearest neighbor-1: 6
distanceApproximate: 2221.14
distanceTrue: 2221.14
Query 32
Nearest neighbor-1: 896
distanceApproximate: 1637.88
distanceTrue: 1637.88
Query 33
Nearest neighbor-1: 514
distanceApproximate: 2160.83
distanceTrue: 2160.83
Query 34
Nearest neighbor-1: 78
distanceApproximate: 2038.49
distanceTrue: 2038.49
Query 35
Nearest neighbor-1: 915
distanceApproximate: 1848.74
distanceTrue: 1848.74
Query 36
Nearest neighbor-1: 895
distanceApproximate: 2532.09
distanceTrue: 2532.09
Query 37
Nearest neighbor-1: 536
distanceApproximate: 2151.96
distanceTrue: 2151.96
Query 38
Nearest neighbor-1: 309
distanceApproximate: 1360.92
distanceTrue: 1360.92
Query 39
Nearest neighbor-1: 59
distanceApproximate: 2001.46
distanceTrue: 2001.46
Query 40
Nearest neighbor-1: 78
distanceApproximate: 1790.39
distanceTrue: 1790.39
Query 41
Nearest neighbor-1: 14
distanceApproximate: 1283.72
distanceTrue: 1283.72
Query 42
Nearest neighbor-1: 44
distanceApproximate: 1813.62
distanceTrue: 1813.62
Query 43
Nearest neighbor-1: 508
distanceApproximate: 1757.51
distanceTrue: 1757.51
Query 44
Nearest neighbor-1: 947
distanceApproximate: 2050.33
distanceTrue: 2050.33
Query 45
Nearest neighbor-1: 72
distanceApproximate: 1721.04
distanceTrue: 1721.04
Query 46
Nearest neighbor-1: 512
distanceApproximate: 1820.35
distanceTrue: 1820.35
Query 47
Nearest neighbor-1: 6
distanceApproximate: 1894.49
distanceTrue: 1894.49
Query 48
Nearest neighbor-1: 957
distanceApproximate: 1629.43
distanceTrue: 1629.43
Query 49
Nearest neighbor-1: 58
distanceApproximate: 2099.43
distanceTrue: 2099.43
Query 50
Nearest neighbor-1: 932
distanceApproximate: 2145.67
distanceTrue: 2145.67
Query 51
Nearest neighbor-1: 22
distanceApproximate: 1839.11
distanceTrue: 1839.11
Query 52
Nearest neighbor-1: 528
distanceApproximate: 2540.29
distanceTrue: 2540.29
Query 53
Nearest neighbor-1: 62
distanceApproximate: 1964.76
distanceTrue: 1964.76
Query 54
Nearest neighbor-1: 269
distanceApproximate: 2043.78
distanceTrue: 2043.78
Query 55
Nearest neighbor-1: 263
distanceApproximate: 2500.89
distanceTrue: 2500.89
Query 56
Nearest neighbor-1: 66
distanceApproximate: 2118.95
distanceTrue: 2118.95
Query 57
Nearest neighbor-1: 67
distanceApproximate: 2211.33
distanceTrue: 2211.33
Query 58
Nearest neighbor-1: 508
distanceApproximate: 1100.66
distanceTrue: 1100.66
Query 59
Nearest neighbor-1: 54
distanceApproximate: 1806.97
distanceTrue: 1806.97
Query 60
Nearest neighbor-1: 947
distanceApproximate: 1837.36
distanceTrue: 1837.36
Query 61
Nearest neighbor-1: 269
distanceApproximate: 2215.91
distanceTrue: 2215.91
Query 62
Nearest neighbor-1: 759
distanceApproximate: 2243.33
distanceTrue: 2243.33
Query 63
Nearest neighbor-1: 896
distanceApproximate: 1822.95
distanceTrue: 1822.95
Query 64
Nearest neighbor-1: 59
distanceApproximate: 1929.91
distanceTrue: 1929.91
Query 65
Nearest neighbor-1: 533
distanceApproximate: 2346.5
distanceTrue: 2346.5
Query 66
Nearest neighbor-1: 482
distanceApproximate: 1816.2
distanceTrue: 1816.2
Query 67
Nearest neighbor-1: 776
distanceApproximate: 2114.03
distanceTrue: 2114.03
Query 68
Nearest neighbor-1: 759
distanceApproximate: 2195.22
distanceTrue: 2195.22
Query 69
Nearest neighbor-1: 74
distanceApproximate: 1821.98
distanceTrue: 1821.98
Query 70
Nearest neighbor-1: 980
distanceApproximate: 2175.36
distanceTrue: 2175.36
Query 71
Nearest neighbor-1: 770
distanceApproximate: 1883.61
distanceTrue: 1883.61
Query 72
Nearest neighbor-1: 88
distanceApproximate: 2119.98
distanceTrue: 2119.98
Query 73
Nearest neighbor-1: 553
distanceApproximate: 2211.1
distanceTrue: 2211.1
Query 74
Nearest neighbor-1: 957
distanceApproximate: 1736.44
distanceTrue: 1736.44
Query 75
Nearest neighbor-1: 964
distanceApproximate: 1677.77
distanceTrue: 1677.77
Query 76
Nearest neighbor-1: 105
distanceApproximate: 1931.51
distanceTrue: 1931.51
Query 77
Nearest neighbor-1: 98
distanceApproximate: 1869.42
distanceTrue: 1869.42
Query 78
Nearest neighbor-1: 99
distanceApproximate: 1860.87
distanceTrue: 1860.87
Query 79
Nearest neighbor-1: 976
distanceApproximate: 1779.67
distanceTrue: 1779.67
Query 80
Nearest neighbor-1: 977
distanceApproximate: 1834.59
distanceTrue: 1834.59
Query 81
Nearest neighbor-1: 72
distanceApproximate: 1975.24
distanceTrue: 1975.24
Query 82
Nearest neighbor-1: 354
distanceApproximate: 2230.7
distanceTrue: 2230.7
Query 83
Nearest neighbor-1: 328
distanceApproximate: 2363.78
distanceTrue: 2363.78
Query 84
Nearest neighbor-1: 309
distanceApproximate: 1894.59
distanceTrue: 1894.59
Query 85
Nearest neighbor-1: 396
distanceApproximate: 2280.38
distanceTrue: 2280.38
Query 86
Nearest neighbor-1: 399
distanceApproximate: 2473.42
distanceTrue: 2473.42
Query 87
Nearest neighbor-1: 776
distanceApproximate: 1503.71
distanceTrue: 1503.71
Query 88
Nearest neighbor-1: 378
distanceApproximate: 2213.2
distanceTrue: 2213.2
Query 89
Nearest neighbor-1: 992
distanceApproximate: 2224.01
distanceTrue: 2224.01
Query 90
Nearest neighbor-1: 96
distanceApproximate: 1692.66
distanceTrue: 1692.66
Query 91
Nearest neighbor-1: 334
distanceApproximate: 2086.08
distanceTrue: 2086.08
Query 92
Nearest neighbor-1: 362
distanceApproximate: 1892.23
distanceTrue: 1892.23
Query 93
Nearest neighbor-1: 112
distanceApproximate: 2031.91
distanceTrue: 2031.91
Query 94
Nearest neighbor-1: 987
distanceApproximate: 2080.63
distanceTrue: 2080.63
Query 95
Nearest neighbor-1: 99
distanceApproximate: 2012.09
distanceTrue: 2012.09
Query 96
Nearest neighbor-1: 380
distanceApproximate: 2454.03
distanceTrue: 2454.03
Query 97
Nearest neighbor-1: 809
distanceApproximate: 1893.39
distanceTrue: 1893.39
Query 98
Nearest neighbor-1: 790
distanceApproximate: 2104.73
distanceTrue: 2104.73
Query 99
Nearest neighbor-1: 362
distanceApproximate: 2293.12
distanceTrue: 2293.12
Query 100
Nearest neighbor-1: 394
distanceApproximate: 1909.27
distanceTrue: 1909.27
Mean AF: 1
tAverageApproximate: 1519.64
tAverageTrue: 1361.09
