Query 1
Nearest neighbor-1: 2401
distanceApproximate: 3539.67
distanceTrue: 1415.22
Query 2
Nearest neighbor-1: 2401
distanceApproximate: 3460.61
distanceTrue: 1893.8
Query 3
Nearest neighbor-1: 8561
distanceApproximate: 3092.04
distanceTrue: 1201.36
Query 4
Nearest neighbor-1: 2170
distanceApproximate: 3898.19
distanceTrue: 2146.13
Query 5
Nearest neighbor-1: 8561
distanceApproximate: 3617.83
distanceTrue: 1589.81
Query 6
Nearest neighbor-1: 8561
distanceApproximate: 3565.38
distanceTrue: 1104.83
Query 7
Nearest neighbor-1: 2401
distanceApproximate: 3599.07
distanceTrue: 1679.64
Query 8
Nearest neighbor-1: 2401
distanceApproximate: 3652.82
distanceTrue: 1799.76
Query 9
Nearest neighbor-1: 2401
distanceApproximate: 3554.31
distanceTrue: 2328.39
Query 10
Nearest neighbor-1: 12
distanceApproximate: 3785.55
distanceTrue: 2046.32
Query 11
Nearest neighbor-1: 8561
distanceApproximate: 3732.63
distanceTrue: 1961.34
Query 12
Nearest neighbor-1: 8561
distanceApproximate: 3817.7
distanceTrue: 2031.09
Query 13
Nearest neighbor-1: 2401
distanceApproximate: 3691.98
distanceTrue: 1562.67
Query 14
Nearest neighbor-1: 2401
distanceApproximate: 3871.97
distanceTrue: 1898.4
Query 15
Nearest neighbor-1: 2401
distanceApproximate: 3549.75
distanceTrue: 987.957
Query 16
Nearest neighbor-1: 2401
distanceApproximate: 3454.54
distanceTrue: 2044.18
Query 17
Nearest neighbor-1: 2401
distanceApproximate: 3438.47
distanceTrue: 1893.31
Query 18
Nearest neighbor-1: 8001
distanceApproximate: 3186.86
distanceTrue: 1681.5
Query 19
Nearest neighbor-1: 12
distanceApproximate: 3871.26
distanceTrue: 2175.71
Query 20
Nearest neighbor-1: 8561
distanceApproximate: 3477.24
distanceTrue: 1491.38
Query 21
Nearest neighbor-1: 8561
distanceApproximate: 3888.36
distanceTrue: 1616.27
Query 22
Nearest neighbor-1: 8561
distanceApproximate: 3798.82
distanceTrue: 1765.46
Query 23
Nearest neighbor-1: 8561
distanceApproximate: 3781.88
distanceTrue: 1975.99
Query 24
Nearest neighbor-1: 8561
distanceApproximate: 3431.23
distanceTrue: 1960.52
Query 25
Nearest neighbor-1: 2401
distanceApproximate: 3249.76
distanceTrue: 1489.78
Query 26
Nearest neighbor-1: 8001
distanceApproximate: 4088.37
distanceTrue: 2058
Query 27
Nearest neighbor-1: 12
distanceApproximate: 3185.36
distanceTrue: 1603.8
Query 28
Nearest neighbor-1: 8561
distanceApproximate: 3535.71
distanceTrue: 1716.22
Query 29
Nearest neighbor-1: 8561
distanceApproximate: 3883.89
distanceTrue: 2080.77
Query 30
Nearest neighbor-1: 8561
distanceApproximate: 3530.46
distanceTrue: 1330.5
Query 31
Nearest neighbor-1: 8561
distanceApproximate: 3887.35
distanceTrue: 1915.79
Query 32
Nearest neighbor-1: 8561
distanceApproximate: 3462.26
distanceTrue: 1081.44
Query 33
Nearest neighbor-1: 8561
distanceApproximate: 3771.81
distanceTrue: 1969.12
Query 34
Nearest neighbor-1: 2401
distanceApproximate: 3616.13
distanceTrue: 2038.49
Query 35
Nearest neighbor-1: 8561
distanceApproximate: 3665.81
distanceTrue: 1580.16
Query 36
Nearest neighbor-1: 8561
distanceApproximate: 3828.13
distanceTrue: 2315.88
Query 37
Nearest neighbor-1: 8561
distanceApproximate: 3770.54
distanceTrue: 1758
Query 38
Nearest neighbor-1: 8561
distanceApproximate: 3584.23
distanceTrue: 858.313
Query 39
Nearest neighbor-1: 2401
distanceApproximate: 3380.99
distanceTrue: 1874.39
Query 40
Nearest neighbor-1: 2401
distanceApproximate: 3245.92
distanceTrue: 837.343
Query 41
Nearest neighbor-1: 8561
distanceApproximate: 3141.94
distanceTrue: 1161.73
Query 42
Nearest neighbor-1: 8561
distanceApproximate: 3184.63
distanceTrue: 1454.04
Query 43
Nearest neighbor-1: 12
distanceApproximate: 3459.86
distanceTrue: 1757.51
Query 44
Nearest neighbor-1: 2401
distanceApproximate: 3401.84
distanceTrue: 1827.98
Query 45
Nearest neighbor-1: 8561
distanceApproximate: 3622.47
distanceTrue: 1427.09
Query 46
Nearest neighbor-1: 8561
distanceApproximate: 3664.46
distanceTrue: 1703.71
Query 47
Nearest neighbor-1: 8561
distanceApproximate: 3764.38
distanceTrue: 1824.22
Query 48
Nearest neighbor-1: 8561
distanceApproximate: 3389.08
distanceTrue: 1602.5
Query 49
Nearest neighbor-1: 2401
distanceApproximate: 3914.63
distanceTrue: 1916.27
Query 50
Nearest neighbor-1: 2401
distanceApproximate: 3519.49
distanceTrue: 1906.69
Query 51
Nearest neighbor-1: 12
distanceApproximate: 3355.65
distanceTrue: 1385.62
Query 52
Nearest neighbor-1: 12
distanceApproximate: 3749.25
distanceTrue: 2363.9
Query 53
Nearest neighbor-1: 8561
distanceApproximate: 3762.14
distanceTrue: 1881.1
Query 54
Nearest neighbor-1: 8561
distanceApproximate: 3480.92
distanceTrue: 1842.2
Query 55
Nearest neighbor-1: 8561
distanceApproximate: 3858.8
distanceTrue: 2351.63
Query 56
Nearest neighbor-1: 2401
distanceApproximate: 3697.34
distanceTrue: 1918.72
Query 57
Nearest neighbor-1: 2401
distanceApproximate: 3645.64
distanceTrue: 1956.6
Query 58
Nearest neighbor-1: 8561
distanceApproximate: 3290.76
distanceTrue: 1069.75
Query 59
Nearest neighbor-1: 12
distanceApproximate: 3522.63
distanceTrue: 1806.97
Query 60
Nearest neighbor-1: 8561
distanceApproximate: 3455.76
distanceTrue: 1716.62
Query 61
Nearest neighbor-1: 12
distanceApproximate: 3751.39
distanceTrue: 2135.83
Query 62
Nearest neighbor-1: 8561
distanceApproximate: 3887.41
distanceTrue: 2217.41
Query 63
Nearest neighbor-1: 8561
distanceApproximate: 3467.67
distanceTrue: 1617.66
Query 64
Nearest neighbor-1: 8561
distanceApproximate: 3525.04
distanceTrue: 1300.8
Query 65
Nearest neighbor-1: 8561
distanceApproximate: 3673.9
distanceTrue: 2284.83
Query 66
Nearest neighbor-1: 8561
distanceApproximate: 3275.85
distanceTrue: 1709.53
Query 67
Nearest neighbor-1: 8561
distanceApproximate: 3618.77
distanceTrue: 1976.3
Query 68
Nearest neighbor-1: 8561
distanceApproximate: 3871.53
distanceTrue: 1937.09
Query 69
Nearest neighbor-1: 8561
distanceApproximate: 4085.23
distanceTrue: 1821.98
Query 70
Nearest neighbor-1: 8561
distanceApproximate: 3534.68
distanceTrue: 2175.36
Query 71
Nearest neighbor-1: 12
distanceApproximate: 3703.65
distanceTrue: 1840.91
Query 72
Nearest neighbor-1: 12
distanceApproximate: 3897.01
distanceTrue: 2119.98
Query 73
Nearest neighbor-1: 8561
distanceApproximate: 3706.86
distanceTrue: 2082.06
Query 74
Nearest neighbor-1: 8561
distanceApproximate: 3947.46
distanceTrue: 1452
Query 75
Nearest neighbor-1: 8561
distanceApproximate: 3634.03
distanceTrue: 1548.64
Query 76
Nearest neighbor-1: 2401
distanceApproximate: 3630.72
distanceTrue: 1752.54
Query 77
Nearest neighbor-1: 8561
distanceApproximate: 3526.43
distanceTrue: 1724.94
Query 78
Nearest neighbor-1: 8561
distanceApproximate: 3192.7
distanceTrue: 1615.63
Query 79
Nearest neighbor-1: 8561
distanceApproximate: 3979.14
distanceTrue: 1669.73
Query 80
Nearest neighbor-1: 8561
distanceApproximate: 4173.08
distanceTrue: 1834.59
Query 81
Nearest neighbor-1: 8561
distanceApproximate: 3794.25
distanceTrue: 1643.74
Query 82
Nearest neighbor-1: 8561
distanceApproximate: 3889.62
distanceTrue: 2098.55
Query 83
Nearest neighbor-1: 2401
distanceApproximate: 3922.25
distanceTrue: 1899.45
Query 84
Nearest neighbor-1: 8561
distanceApproximate: 3656.95
distanceTrue: 1729.32
Query 85
Nearest neighbor-1: 2401
distanceApproximate: 3603.77
distanceTrue: 2032.99
Query 86
Nearest neighbor-1: 8561
distanceApproximate: 3963.34
distanceTrue: 2088.39
Query 87
Nearest neighbor-1: 12
distanceApproximate: 3486.87
distanceTrue: 1503.71
Query 88
Nearest neighbor-1: 2170
distanceApproximate: 3486.74
distanceTrue: 2173.45
Query 89
Nearest neighbor-1: 8561
distanceApproximate: 3622.19
distanceTrue: 2042.71
Query 90
Nearest neighbor-1: 8561
distanceApproximate: 3767.54
distanceTrue: 1525.41
Query 91
Nearest neighbor-1: 8561
distanceApproximate: 3723.61
distanceTrue: 1800.34
Query 92
Nearest neighbor-1: 8561
distanceApproximate: 3739.46
distanceTrue: 1819.09
Query 93
Nearest neighbor-1: 2401
distanceApproximate: 3645.36
distanceTrue: 1657.23
Query 94
Nearest neighbor-1: 2401
distanceApproximate: 3799.16
distanceTrue: 1973.56
Query 95
Nearest neighbor-1: 12
distanceApproximate: 3308.17
distanceTrue: 1865.98
Query 96
Nearest neighbor-1: 8561
distanceApproximate: 3923.02
distanceTrue: 2123.93
Query 97
Nearest neighbor-1: 8561
distanceApproximate: 3598.08
distanceTrue: 1710.51
Query 98
Nearest neighbor-1: 8561
distanceApproximate: 3836.25
distanceTrue: 1856.71
Query 99
Nearest neighbor-1: 8561
distanceApproximate: 3924.5
distanceTrue: 1999.82
Query 100
Nearest neighbor-1: 8561
distanceApproximate: 3784.12
distanceTrue: 1909.27
Query 101
Nearest neighbor-1: 8561
distanceApproximate: 3612.6
distanceTrue: 1948.93
Query 102
Nearest neighbor-1: 2401
distanceApproximate: 3471.89
distanceTrue: 2176.9
Query 103
Nearest neighbor-1: 8561
distanceApproximate: 3277.88
distanceTrue: 1869.58
Query 104
Nearest neighbor-1: 12
distanceApproximate: 3582.55
distanceTrue: 2010.96
Query 105
Nearest neighbor-1: 12
distanceApproximate: 3459.42
distanceTrue: 1983.32
Query 106
Nearest neighbor-1: 8561
distanceApproximate: 3704.93
distanceTrue: 1889.12
Query 107
Nearest neighbor-1: 2401
distanceApproximate: 3664.18
distanceTrue: 2062.47
Query 108
Nearest neighbor-1: 8561
distanceApproximate: 3313.82
distanceTrue: 1561.16
Query 109
Nearest neighbor-1: 2401
distanceApproximate: 3158.19
distanceTrue: 1623.18
Query 110
Nearest neighbor-1: 8561
distanceApproximate: 3354.71
distanceTrue: 1873.41
Query 111
Nearest neighbor-1: 12
distanceApproximate: 3358.59
distanceTrue: 1806.69
Query 112
Nearest neighbor-1: 12
distanceApproximate: 3426.54
distanceTrue: 1287.15
Query 113
Nearest neighbor-1: 12
distanceApproximate: 3469.59
distanceTrue: 1670
Query 114
Nearest neighbor-1: 12
distanceApproximate: 3448.6
distanceTrue: 1900.44
Query 115
Nearest neighbor-1: 8561
distanceApproximate: 3519.72
distanceTrue: 1709.67
Query 116
Nearest neighbor-1: 8561
distanceApproximate: 3563.27
distanceTrue: 1702.54
Query 117
Nearest neighbor-1: 8561
distanceApproximate: 3457.11
distanceTrue: 2080.8
Query 118
Nearest neighbor-1: 8561
distanceApproximate: 3642.41
distanceTrue: 1831.43
Query 119
Nearest neighbor-1: 2401
distanceApproximate: 3407.31
distanceTrue: 1632.18
Query 120
Nearest neighbor-1: 12
distanceApproximate: 3539.67
distanceTrue: 2197.07
Query 121
Nearest neighbor-1: 2170
distanceApproximate: 3524.85
distanceTrue: 1953.88
Query 122
Nearest neighbor-1: 8561
distanceApproximate: 3596.73
distanceTrue: 1752.02
Query 123
Nearest neighbor-1: 8561
distanceApproximate: 3639.14
distanceTrue: 1616.89
Query 124
Nearest neighbor-1: 2401
distanceApproximate: 3690.42
distanceTrue: 2137.6
Query 125
Nearest neighbor-1: 8561
distanceApproximate: 3587.28
distanceTrue: 1554.22
Query 126
Nearest neighbor-1: 2401
distanceApproximate: 3365.6
distanceTrue: 2079.77
Query 127
Nearest neighbor-1: 701
distanceApproximate: 3450.55
distanceTrue: 2236.4
Query 128
Nearest neighbor-1: 2170
distanceApproximate: 3715.31
distanceTrue: 1949.68
Query 129
Nearest neighbor-1: 12
distanceApproximate: 3726.31
distanceTrue: 2137.89
Query 130
Nearest neighbor-1: 8561
distanceApproximate: 4015.2
distanceTrue: 2010.45
Query 131
Nearest neighbor-1: 8561
distanceApproximate: 4198.11
distanceTrue: 1873.08
Query 132
Nearest neighbor-1: 8561
distanceApproximate: 4173.49
distanceTrue: 2150.99
Query 133
Nearest neighbor-1: 8561
distanceApproximate: 4174.64
distanceTrue: 2024.52
Query 134
Nearest neighbor-1: 8561
distanceApproximate: 3739.25
distanceTrue: 1654.37
Query 135
Nearest neighbor-1: 8561
distanceApproximate: 3600.57
distanceTrue: 1616.53
Query 136
Nearest neighbor-1: 701
distanceApproximate: 3239.65
distanceTrue: 1908.8
Query 137
Nearest neighbor-1: 7742
distanceApproximate: 3201.86
distanceTrue: 1535.91
Query 138
Nearest neighbor-1: 12
distanceApproximate: 3532.71
distanceTrue: 1902.35
Query 139
Nearest neighbor-1: 12
distanceApproximate: 3691.18
distanceTrue: 2133.65
Query 140
Nearest neighbor-1: 8561
distanceApproximate: 3631.9
distanceTrue: 1609.78
Query 141
Nearest neighbor-1: 8561
distanceApproximate: 3564.77
distanceTrue: 1800.1
Query 142
Nearest neighbor-1: 8561
distanceApproximate: 3649.02
distanceTrue: 1821.34
Query 143
Nearest neighbor-1: 8561
distanceApproximate: 3548.91
distanceTrue: 1610.91
Query 144
Nearest neighbor-1: 8561
distanceApproximate: 3712.23
distanceTrue: 1801.86
Query 145
Nearest neighbor-1: 2401
distanceApproximate: 3138.83
distanceTrue: 1290.2
Query 146
Nearest neighbor-1: 8561
distanceApproximate: 3358.66
distanceTrue: 1875.68
Query 147
Nearest neighbor-1: 8561
distanceApproximate: 3744.88
distanceTrue: 2367.43
Query 148
Nearest neighbor-1: 8561
distanceApproximate: 3742.55
distanceTrue: 1940.58
Query 149
Nearest neighbor-1: 8561
distanceApproximate: 3718.22
distanceTrue: 1954.89
Query 150
Nearest neighbor-1: 8561
distanceApproximate: 3551.22
distanceTrue: 1985.49
Query 151
Nearest neighbor-1: 2401
distanceApproximate: 3759.09
distanceTrue: 1893.06
Query 152
Nearest neighbor-1: 8561
distanceApproximate: 3564.97
distanceTrue: 2026.13
Query 153
Nearest neighbor-1: 2401
distanceApproximate: 3126.89
distanceTrue: 1755.2
Query 154
Nearest neighbor-1: 2401
distanceApproximate: 3302.26
distanceTrue: 1475.67
Query 155
Nearest neighbor-1: 701
distanceApproximate: 3267.78
distanceTrue: 1969.97
Query 156
Nearest neighbor-1: 8561
distanceApproximate: 3666.6
distanceTrue: 2059.44
Query 157
Nearest neighbor-1: 8561
distanceApproximate: 3552.73
distanceTrue: 1983.09
Query 158
Nearest neighbor-1: 8561
distanceApproximate: 3449.22
distanceTrue: 1958.96
Query 159
Nearest neighbor-1: 8561
distanceApproximate: 3763.58
distanceTrue: 1809.67
Query 160
Nearest neighbor-1: 8561
distanceApproximate: 3696.27
distanceTrue: 1662.92
Query 161
Nearest neighbor-1: 8561
distanceApproximate: 3716.08
distanceTrue: 2096.67
Query 162
Nearest neighbor-1: 2401
distanceApproximate: 3649.07
distanceTrue: 1967.28
Query 163
Nearest neighbor-1: 701
distanceApproximate: 3719.09
distanceTrue: 2230.73
Query 164
Nearest neighbor-1: 8561
distanceApproximate: 3422.15
distanceTrue: 1991.16
Query 165
Nearest neighbor-1: 2401
distanceApproximate: 3567.24
distanceTrue: 1812.16
Query 166
Nearest neighbor-1: 12
distanceApproximate: 3512.84
distanceTrue: 1949.09
Query 167
Nearest neighbor-1: 8561
distanceApproximate: 3577.8
distanceTrue: 1930.37
Query 168
Nearest neighbor-1: 8561
distanceApproximate: 3508.58
distanceTrue: 816.862
Query 169
Nearest neighbor-1: 8561
distanceApproximate: 3638.27
distanceTrue: 1636.12
Query 170
Nearest neighbor-1: 8561
distanceApproximate: 3532.1
distanceTrue: 1743.86
Query 171
Nearest neighbor-1: 2401
distanceApproximate: 3787.19
distanceTrue: 1854.36
Query 172
Nearest neighbor-1: 2401
distanceApproximate: 3511.85
distanceTrue: 2279.04
Query 173
Nearest neighbor-1: 12
distanceApproximate: 3391.97
distanceTrue: 1836.14
Query 174
Nearest neighbor-1: 8561
distanceApproximate: 3704.03
distanceTrue: 1738.19
Query 175
Nearest neighbor-1: 8561
distanceApproximate: 3363.98
distanceTrue: 1361.85
Query 176
Nearest neighbor-1: 8561
distanceApproximate: 3364.19
distanceTrue: 1085.89
Query 177
Nearest neighbor-1: 8561
distanceApproximate: 3742.77
distanceTrue: 1656.97
Query 178
Nearest neighbor-1: 8561
distanceApproximate: 3386.21
distanceTrue: 1328.69
Query 179
Nearest neighbor-1: 2401
distanceApproximate: 3426.8
distanceTrue: 1643.78
Query 180
Nearest neighbor-1: 8561
distanceApproximate: 3260.86
distanceTrue: 1147.08
Query 181
Nearest neighbor-1: 12
distanceApproximate: 3774.88
distanceTrue: 2035.76
Query 182
Nearest neighbor-1: 8561
distanceApproximate: 3580.61
distanceTrue: 1708.39
Query 183
Nearest neighbor-1: 2170
distanceApproximate: 3856.41
distanceTrue: 2140.5
Query 184
Nearest neighbor-1: 8561
distanceApproximate: 3816.17
distanceTrue: 1912.88
Query 185
Nearest neighbor-1: 2401
distanceApproximate: 3684
distanceTrue: 1825.9
Query 186
Nearest neighbor-1: 2401
distanceApproximate: 3986.8
distanceTrue: 1996.18
Query 187
Nearest neighbor-1: 2401
distanceApproximate: 3527.98
distanceTrue: 1918.38
Query 188
Nearest neighbor-1: 8561
distanceApproximate: 3668.79
distanceTrue: 1993.41
Query 189
Nearest neighbor-1: 12
distanceApproximate: 3190.59
distanceTrue: 953.484
Query 190
Nearest neighbor-1: 12
distanceApproximate: 3564.06
distanceTrue: 1348.2
Query 191
Nearest neighbor-1: 8561
distanceApproximate: 3520.9
distanceTrue: 1500.95
Query 192
Nearest neighbor-1: 8561
distanceApproximate: 3727.8
distanceTrue: 1844.8
Query 193
Nearest neighbor-1: 2401
distanceApproximate: 3586.59
distanceTrue: 1703.36
Query 194
Nearest neighbor-1: 2401
distanceApproximate: 3624.16
distanceTrue: 2096.97
Query 195
Nearest neighbor-1: 2401
distanceApproximate: 3215.6
distanceTrue: 1550.33
Query 196
Nearest neighbor-1: 12
distanceApproximate: 3520.93
distanceTrue: 1112.32
Query 197
Nearest neighbor-1: 12
distanceApproximate: 3789.48
distanceTrue: 1701.79
Query 198
Nearest neighbor-1: 12
distanceApproximate: 3422.28
distanceTrue: 1404.07
Query 199
Nearest neighbor-1: 12
distanceApproximate: 4101.45
distanceTrue: 2005.94
Query 200
Nearest neighbor-1: 2401
distanceApproximate: 4474.83
distanceTrue: 2409.85
Query 201
Nearest neighbor-1: 2401
distanceApproximate: 3859.07
distanceTrue: 2195.36
Query 202
Nearest neighbor-1: 8561
distanceApproximate: 3347.56
distanceTrue: 1298.16
Query 203
Nearest neighbor-1: 2401
distanceApproximate: 3249.12
distanceTrue: 1218.4
Query 204
Nearest neighbor-1: 2401
distanceApproximate: 3105.7
distanceTrue: 1133.8
Query 205
Nearest neighbor-1: 12
distanceApproximate: 3212.76
distanceTrue: 1710.51
Query 206
Nearest neighbor-1: 8561
distanceApproximate: 3697.86
distanceTrue: 1835.6
Query 207
Nearest neighbor-1: 8561
distanceApproximate: 3824.37
distanceTrue: 1955.21
Query 208
Nearest neighbor-1: 2401
distanceApproximate: 3682.39
distanceTrue: 2085.12
Query 209
Nearest neighbor-1: 2401
distanceApproximate: 3970.12
distanceTrue: 1800.19
Query 210
Nearest neighbor-1: 12
distanceApproximate: 3324.2
distanceTrue: 1842.01
Query 211
Nearest neighbor-1: 12
distanceApproximate: 3358.13
distanceTrue: 1922.8
Query 212
Nearest neighbor-1: 8561
distanceApproximate: 3925.65
distanceTrue: 1937.88
Query 213
Nearest neighbor-1: 8561
distanceApproximate: 3490.24
distanceTrue: 1586.2
Query 214
Nearest neighbor-1: 2401
distanceApproximate: 3976.88
distanceTrue: 1788.28
Query 215
Nearest neighbor-1: 2401
distanceApproximate: 3739.34
distanceTrue: 2011.08
Query 216
Nearest neighbor-1: 2401
distanceApproximate: 3369.45
distanceTrue: 1907.56
Query 217
Nearest neighbor-1: 12
distanceApproximate: 3523.78
distanceTrue: 1977.09
Query 218
Nearest neighbor-1: 2401
distanceApproximate: 3539.68
distanceTrue: 1720.07
Query 219
Nearest neighbor-1: 2401
distanceApproximate: 3552.8
distanceTrue: 1963.34
Query 220
Nearest neighbor-1: 2401
distanceApproximate: 3671.85
distanceTrue: 1451.35
Query 221
Nearest neighbor-1: 2170
distanceApproximate: 3339.42
distanceTrue: 2116.34
Query 222
Nearest neighbor-1: 12
distanceApproximate: 4295.15
distanceTrue: 2364.21
Query 223
Nearest neighbor-1: 12
distanceApproximate: 3604.3
distanceTrue: 1578.27
Query 224
Nearest neighbor-1: 8561
distanceApproximate: 3308.91
distanceTrue: 1176.48
Query 225
Nearest neighbor-1: 8561
distanceApproximate: 3701.07
distanceTrue: 2086.73
Query 226
Nearest neighbor-1: 2401
distanceApproximate: 4069.7
distanceTrue: 2160.5
Query 227
Nearest neighbor-1: 2401
distanceApproximate: 3171.32
distanceTrue: 1434.93
Query 228
Nearest neighbor-1: 2401
distanceApproximate: 3114.83
distanceTrue: 1139.58
Query 229
Nearest neighbor-1: 12
distanceApproximate: 3119.72
distanceTrue: 1495.97
Query 230
Nearest neighbor-1: 2170
distanceApproximate: 3404.21
distanceTrue: 1357.53
Query 231
Nearest neighbor-1: 8561
distanceApproximate: 3245.67
distanceTrue: 1562.89
Query 232
Nearest neighbor-1: 8561
distanceApproximate: 3812.54
distanceTrue: 1838.62
Query 233
Nearest neighbor-1: 8561
distanceApproximate: 3876.99
distanceTrue: 1912.49
Query 234
Nearest neighbor-1: 8561
distanceApproximate: 3585.2
distanceTrue: 1333.38
Query 235
Nearest neighbor-1: 2401
distanceApproximate: 3551.48
distanceTrue: 1644.6
Query 236
Nearest neighbor-1: 8561
distanceApproximate: 3995.82
distanceTrue: 2033.73
Query 237
Nearest neighbor-1: 2401
distanceApproximate: 3483.06
distanceTrue: 1790.03
Query 238
Nearest neighbor-1: 2401
distanceApproximate: 3593.76
distanceTrue: 1658.94
Query 239
Nearest neighbor-1: 2401
distanceApproximate: 3104.62
distanceTrue: 1083.9
Query 240
Nearest neighbor-1: 12
distanceApproximate: 3527.32
distanceTrue: 1677.51
Query 241
Nearest neighbor-1: 8561
distanceApproximate: 3663.45
distanceTrue: 1901.54
Query 242
Nearest neighbor-1: 8561
distanceApproximate: 3999.94
distanceTrue: 1782.38
Query 243
Nearest neighbor-1: 8561
distanceApproximate: 3677.79
distanceTrue: 1755.61
Query 244
Nearest neighbor-1: 8561
distanceApproximate: 3617.79
distanceTrue: 1700.53
Query 245
Nearest neighbor-1: 8561
distanceApproximate: 3548.69
distanceTrue: 1923.03
Query 246
Nearest neighbor-1: 8561
distanceApproximate: 3784.98
distanceTrue: 2205.63
Query 247
Nearest neighbor-1: 8561
distanceApproximate: 3518.17
distanceTrue: 1861.32
Query 248
Nearest neighbor-1: 12
distanceApproximate: 3781.09
distanceTrue: 1952.48
Query 249
Nearest neighbor-1: 8561
distanceApproximate: 3634.99
distanceTrue: 1609.13
Query 250
Nearest neighbor-1: 8561
distanceApproximate: 4194.01
distanceTrue: 1526.98
Query 251
Nearest neighbor-1: 8561
distanceApproximate: 3382.69
distanceTrue: 1191.34
Query 252
Nearest neighbor-1: 8561
distanceApproximate: 4001.16
distanceTrue: 1761.76
Query 253
Nearest neighbor-1: 8561
distanceApproximate: 3594.09
distanceTrue: 1815.45
Query 254
Nearest neighbor-1: 8561
distanceApproximate: 3578.31
distanceTrue: 1463.21
Query 255
Nearest neighbor-1: 8561
distanceApproximate: 3662.8
distanceTrue: 1360.37
Query 256
Nearest neighbor-1: 2401
distanceApproximate: 3485.89
distanceTrue: 1748.36
Query 257
Nearest neighbor-1: 2401
distanceApproximate: 3470.55
distanceTrue: 1662.87
Query 258
Nearest neighbor-1: 8561
distanceApproximate: 3755.77
distanceTrue: 1970.02
Query 259
Nearest neighbor-1: 2170
distanceApproximate: 3518.4
distanceTrue: 2055.04
Query 260
Nearest neighbor-1: 8561
distanceApproximate: 3526.74
distanceTrue: 1922.58
Query 261
Nearest neighbor-1: 8561
distanceApproximate: 3671.72
distanceTrue: 1721.74
Query 262
Nearest neighbor-1: 8561
distanceApproximate: 3751.84
distanceTrue: 1448.69
Query 263
Nearest neighbor-1: 8561
distanceApproximate: 3699.19
distanceTrue: 1263.6
Query 264
Nearest neighbor-1: 8561
distanceApproximate: 3388.24
distanceTrue: 1593.84
Query 265
Nearest neighbor-1: 2401
distanceApproximate: 3336.97
distanceTrue: 1181.68
Query 266
Nearest neighbor-1: 7742
distanceApproximate: 3648.04
distanceTrue: 2068.05
Query 267
Nearest neighbor-1: 8561
distanceApproximate: 3294.01
distanceTrue: 1097.42
Query 268
Nearest neighbor-1: 8561
distanceApproximate: 3660.89
distanceTrue: 2177.38
Query 269
Nearest neighbor-1: 8561
distanceApproximate: 3533.92
distanceTrue: 2240.18
Query 270
Nearest neighbor-1: 8561
distanceApproximate: 3887.7
distanceTrue: 2040.72
Query 271
Nearest neighbor-1: 2401
distanceApproximate: 3478.03
distanceTrue: 2131.58
Query 272
Nearest neighbor-1: 2401
distanceApproximate: 3173.67
distanceTrue: 883.353
Query 273
Nearest neighbor-1: 12
distanceApproximate: 3592.97
distanceTrue: 1757.8
Query 274
Nearest neighbor-1: 12
distanceApproximate: 3694.72
distanceTrue: 1909.72
Query 275
Nearest neighbor-1: 12
distanceApproximate: 3586.7
distanceTrue: 1794.61
Query 276
Nearest neighbor-1: 8561
distanceApproximate: 3649.93
distanceTrue: 992.589
Query 277
Nearest neighbor-1: 8561
distanceApproximate: 4127.56
distanceTrue: 2274.19
Query 278
Nearest neighbor-1: 8561
distanceApproximate: 3918.68
distanceTrue: 1948.37
Query 279
Nearest neighbor-1: 8561
distanceApproximate: 3542.04
distanceTrue: 1265.12
Query 280
Nearest neighbor-1: 8561
distanceApproximate: 3886.25
distanceTrue: 1681.33
Query 281
Nearest neighbor-1: 8561
distanceApproximate: 3952.42
distanceTrue: 1805.51
Query 282
Nearest neighbor-1: 8561
distanceApproximate: 3715.04
distanceTrue: 1421.27
Query 283
Nearest neighbor-1: 8561
distanceApproximate: 3298.28
distanceTrue: 1789.15
Query 284
Nearest neighbor-1: 8561
distanceApproximate: 3384.15
distanceTrue: 2068.96
Query 285
Nearest neighbor-1: 2401
distanceApproximate: 3537.51
distanceTrue: 2022.31
Query 286
Nearest neighbor-1: 8561
distanceApproximate: 3544.97
distanceTrue: 1615.64
Query 287
Nearest neighbor-1: 8561
distanceApproximate: 3844.38
distanceTrue: 2072.55
Query 288
Nearest neighbor-1: 8561
distanceApproximate: 3680.93
distanceTrue: 1377.72
Query 289
Nearest neighbor-1: 8561
distanceApproximate: 3662.51
distanceTrue: 1848.01
Query 290
Nearest neighbor-1: 8561
distanceApproximate: 4049.19
distanceTrue: 2122.86
Query 291
Nearest neighbor-1: 2401
distanceApproximate: 3632.12
distanceTrue: 1521.76
Query 292
Nearest neighbor-1: 2401
distanceApproximate: 3492.14
distanceTrue: 2065.76
Query 293
Nearest neighbor-1: 2401
distanceApproximate: 3525.53
distanceTrue: 2035.73
Query 294
Nearest neighbor-1: 8561
distanceApproximate: 3684.8
distanceTrue: 1956.33
Query 295
Nearest neighbor-1: 8561
distanceApproximate: 3837.67
distanceTrue: 1880.89
Query 296
Nearest neighbor-1: 8561
distanceApproximate: 4068.46
distanceTrue: 2313.69
Query 297
Nearest neighbor-1: 8561
distanceApproximate: 3863.42
distanceTrue: 2098.31
Query 298
Nearest neighbor-1: 2401
distanceApproximate: 3841.99
distanceTrue: 2229.5
Query 299
Nearest neighbor-1: 2401
distanceApproximate: 3522.19
distanceTrue: 1694.02
Query 300
Nearest neighbor-1: 8561
distanceApproximate: 3498.13
distanceTrue: 1800.62
Query 301
Nearest neighbor-1: 12
distanceApproximate: 3478.37
distanceTrue: 1958.6
Query 302
Nearest neighbor-1: 8561
distanceApproximate: 3321.54
distanceTrue: 1509.53
Query 303
Nearest neighbor-1: 8561
distanceApproximate: 3410.67
distanceTrue: 1890.59
Query 304
Nearest neighbor-1: 8561
distanceApproximate: 4035.73
distanceTrue: 1996.55
Query 305
Nearest neighbor-1: 8561
distanceApproximate: 3747.37
distanceTrue: 2265.35
Query 306
Nearest neighbor-1: 2401
distanceApproximate: 3623.48
distanceTrue: 1629.07
Query 307
Nearest neighbor-1: 8561
distanceApproximate: 3559.37
distanceTrue: 1692.91
Query 308
Nearest neighbor-1: 8561
distanceApproximate: 3525.42
distanceTrue: 2101.49
Query 309
Nearest neighbor-1: 12
distanceApproximate: 3259.53
distanceTrue: 2000.33
Query 310
Nearest neighbor-1: 12
distanceApproximate: 3762.76
distanceTrue: 2087.02
Query 311
Nearest neighbor-1: 12
distanceApproximate: 4163.74
distanceTrue: 2415.69
Query 312
Nearest neighbor-1: 8561
distanceApproximate: 3865.99
distanceTrue: 2154.54
Query 313
Nearest neighbor-1: 8561
distanceApproximate: 3676.78
distanceTrue: 2057.59
Query 314
Nearest neighbor-1: 8561
distanceApproximate: 3661.88
distanceTrue: 1678.59
Query 315
Nearest neighbor-1: 2401
distanceApproximate: 3707.79
distanceTrue: 1958.33
Query 316
Nearest neighbor-1: 8561
distanceApproximate: 3380.85
distanceTrue: 1902.76
Query 317
Nearest neighbor-1: 12
distanceApproximate: 3306.45
distanceTrue: 1988.72
Query 318
Nearest neighbor-1: 12
distanceApproximate: 3568.87
distanceTrue: 2269.57
Query 319
Nearest neighbor-1: 8561
distanceApproximate: 3719.02
distanceTrue: 2067.09
Query 320
Nearest neighbor-1: 8561
distanceApproximate: 3605.91
distanceTrue: 1610.43
Query 321
Nearest neighbor-1: 8561
distanceApproximate: 3721.88
distanceTrue: 1620.96
Query 322
Nearest neighbor-1: 8561
distanceApproximate: 3849.16
distanceTrue: 1876.87
Query 323
Nearest neighbor-1: 12
distanceApproximate: 3265.95
distanceTrue: 1945.23
Query 324
Nearest neighbor-1: 8561
distanceApproximate: 3385.75
distanceTrue: 1817.32
Query 325
Nearest neighbor-1: 12
distanceApproximate: 3464.79
distanceTrue: 1421.91
Query 326
Nearest neighbor-1: 12
distanceApproximate: 3684.92
distanceTrue: 2203.42
Query 327
Nearest neighbor-1: 12
distanceApproximate: 3812.08
distanceTrue: 1929.15
Query 328
Nearest neighbor-1: 8561
distanceApproximate: 3739.45
distanceTrue: 1599.47
Query 329
Nearest neighbor-1: 8561
distanceApproximate: 3592.39
distanceTrue: 1425.05
Query 330
Nearest neighbor-1: 8561
distanceApproximate: 3599.47
distanceTrue: 1504.78
Query 331
Nearest neighbor-1: 8561
distanceApproximate: 3638.76
distanceTrue: 1760.64
Query 332
Nearest neighbor-1: 8561
distanceApproximate: 3564.79
distanceTrue: 1744.96
Query 333
Nearest neighbor-1: 2401
distanceApproximate: 3398.17
distanceTrue: 1890.46
Query 334
Nearest neighbor-1: 2401
distanceApproximate: 3210.02
distanceTrue: 1547.3
Query 335
Nearest neighbor-1: 12
distanceApproximate: 3493.9
distanceTrue: 2038.42
Query 336
Nearest neighbor-1: 12
distanceApproximate: 3664
distanceTrue: 1851.53
Query 337
Nearest neighbor-1: 8561
distanceApproximate: 3877.08
distanceTrue: 1981.93
Query 338
Nearest neighbor-1: 8561
distanceApproximate: 3660.48
distanceTrue: 2112.06
Query 339
Nearest neighbor-1: 8561
distanceApproximate: 3334.8
distanceTrue: 2005.76
Query 340
Nearest neighbor-1: 8561
distanceApproximate: 3255.72
distanceTrue: 1804.87
Query 341
Nearest neighbor-1: 12
distanceApproximate: 3167.92
distanceTrue: 1551.11
Query 342
Nearest neighbor-1: 12
distanceApproximate: 3412.85
distanceTrue: 1582.48
Query 343
Nearest neighbor-1: 8561
distanceApproximate: 3717.12
distanceTrue: 2091.1
Query 344
Nearest neighbor-1: 8561
distanceApproximate: 3829.6
distanceTrue: 1797.44
Query 345
Nearest neighbor-1: 8561
distanceApproximate: 3860.01
distanceTrue: 1599.25
Query 346
Nearest neighbor-1: 2401
distanceApproximate: 3946.64
distanceTrue: 2116.27
Query 347
Nearest neighbor-1: 2401
distanceApproximate: 3678.14
distanceTrue: 1435.28
Query 348
Nearest neighbor-1: 8561
distanceApproximate: 3454.06
distanceTrue: 1507.72
Query 349
Nearest neighbor-1: 2401
distanceApproximate: 3383.69
distanceTrue: 1608.23
Query 350
Nearest neighbor-1: 8561
distanceApproximate: 3432.03
distanceTrue: 1459.99
Query 351
Nearest neighbor-1: 12
distanceApproximate: 3520.6
distanceTrue: 2341.01
Query 352
Nearest neighbor-1: 12
distanceApproximate: 3942.33
distanceTrue: 2494.83
Query 353
Nearest neighbor-1: 8561
distanceApproximate: 3805.88
distanceTrue: 1713.52
Query 354
Nearest neighbor-1: 8561
distanceApproximate: 3648.7
distanceTrue: 1799.83
Query 355
Nearest neighbor-1: 8561
distanceApproximate: 3701.34
distanceTrue: 1996.32
Query 356
Nearest neighbor-1: 2401
distanceApproximate: 3349.16
distanceTrue: 1723.36
Query 357
Nearest neighbor-1: 2401
distanceApproximate: 3072.09
distanceTrue: 1576.07
Query 358
Nearest neighbor-1: 12
distanceApproximate: 3277.7
distanceTrue: 2037.07
Query 359
Nearest neighbor-1: 8561
distanceApproximate: 3658.77
distanceTrue: 2162.51
Query 360
Nearest neighbor-1: 8561
distanceApproximate: 3738.27
distanceTrue: 2113.17
Query 361
Nearest neighbor-1: 8561
distanceApproximate: 3795.7
distanceTrue: 1950.34
Query 362
Nearest neighbor-1: 8561
distanceApproximate: 3683.09
distanceTrue: 1562.51
Query 363
Nearest neighbor-1: 8561
distanceApproximate: 3772.04
distanceTrue: 1957.56
Query 364
Nearest neighbor-1: 8561
distanceApproximate: 3679.48
distanceTrue: 1966.9
Query 365
Nearest neighbor-1: 8561
distanceApproximate: 3394.37
distanceTrue: 2083.06
Query 366
Nearest neighbor-1: 12
distanceApproximate: 3524.88
distanceTrue: 2004.82
Query 367
Nearest neighbor-1: 12
distanceApproximate: 3271.88
distanceTrue: 1905.91
Query 368
Nearest neighbor-1: 8561
distanceApproximate: 3208.69
distanceTrue: 1909.65
Query 369
Nearest neighbor-1: 8561
distanceApproximate: 3360.33
distanceTrue: 1793.66
Query 370
Nearest neighbor-1: 8561
distanceApproximate: 3713.53
distanceTrue: 1953.77
Query 371
Nearest neighbor-1: 8561
distanceApproximate: 3775.07
distanceTrue: 2158.46
Query 372
Nearest neighbor-1: 8561
distanceApproximate: 3838.51
distanceTrue: 2070.57
Query 373
Nearest neighbor-1: 2401
distanceApproximate: 3816.62
distanceTrue: 1862.08
Query 374
Nearest neighbor-1: 8561
distanceApproximate: 3385.6
distanceTrue: 2166.02
Query 375
Nearest neighbor-1: 12
distanceApproximate: 3462.33
distanceTrue: 1759.5
Query 376
Nearest neighbor-1: 8561
distanceApproximate: 3125.46
distanceTrue: 1005.31
Query 377
Nearest neighbor-1: 8561
distanceApproximate: 3434.62
distanceTrue: 1541.66
Query 378
Nearest neighbor-1: 8561
distanceApproximate: 3549.01
distanceTrue: 1736.17
Query 379
Nearest neighbor-1: 8561
distanceApproximate: 3572.02
distanceTrue: 2074.59
Query 380
Nearest neighbor-1: 8561
distanceApproximate: 3608.05
distanceTrue: 2052.53
Query 381
Nearest neighbor-1: 2401
distanceApproximate: 3518.58
distanceTrue: 1848.62
Query 382
Nearest neighbor-1: 8561
distanceApproximate: 3493.92
distanceTrue: 1796.4
Query 383
Nearest neighbor-1: 2401
distanceApproximate: 3360.73
distanceTrue: 1744.41
Query 384
Nearest neighbor-1: 8561
distanceApproximate: 3238.45
distanceTrue: 1479.97
Query 385
Nearest neighbor-1: 2401
distanceApproximate: 3203.48
distanceTrue: 1679.27
Query 386
Nearest neighbor-1: 8561
distanceApproximate: 3457.15
distanceTrue: 1731.75
Query 387
Nearest neighbor-1: 8561
distanceApproximate: 3419.15
distanceTrue: 1433.11
Query 388
Nearest neighbor-1: 8561
distanceApproximate: 3784.04
distanceTrue: 1598.51
Query 389
Nearest neighbor-1: 8561
distanceApproximate: 4174.73
distanceTrue: 2215.77
Query 390
Nearest neighbor-1: 8561
distanceApproximate: 3930.41
distanceTrue: 1903.94
Query 391
Nearest neighbor-1: 8561
distanceApproximate: 3656.41
distanceTrue: 1762.72
Query 392
Nearest neighbor-1: 2401
distanceApproximate: 3211.28
distanceTrue: 1010.99
Query 393
Nearest neighbor-1: 12
distanceApproximate: 3187.26
distanceTrue: 1719.69
Query 394
Nearest neighbor-1: 12
distanceApproximate: 3526.08
distanceTrue: 1880.32
Query 395
Nearest neighbor-1: 8561
distanceApproximate: 4010.87
distanceTrue: 2087.75
Query 396
Nearest neighbor-1: 8561
distanceApproximate: 3643.77
distanceTrue: 1693.56
Query 397
Nearest neighbor-1: 2401
distanceApproximate: 3681.28
distanceTrue: 1849.44
Query 398
Nearest neighbor-1: 2401
distanceApproximate: 3536.06
distanceTrue: 1922.72
Query 399
Nearest neighbor-1: 2401
distanceApproximate: 3572.55
distanceTrue: 1947.11
Query 400
Nearest neighbor-1: 2401
distanceApproximate: 3340.26
distanceTrue: 1762.82
Query 401
Nearest neighbor-1: 12
distanceApproximate: 3496.64
distanceTrue: 2144.08
Query 402
Nearest neighbor-1: 12
distanceApproximate: 3528.51
distanceTrue: 1500.97
Query 403
Nearest neighbor-1: 12
distanceApproximate: 3608.61
distanceTrue: 1860.73
Query 404
Nearest neighbor-1: 8561
distanceApproximate: 3762.95
distanceTrue: 2078.55
Query 405
Nearest neighbor-1: 8561
distanceApproximate: 4314.22
distanceTrue: 2446.51
Query 406
Nearest neighbor-1: 2401
distanceApproximate: 3604.62
distanceTrue: 2081.91
Query 407
Nearest neighbor-1: 8561
distanceApproximate: 3709.35
distanceTrue: 1853.41
Query 408
Nearest neighbor-1: 12
distanceApproximate: 3254.4
distanceTrue: 1309.21
Query 409
Nearest neighbor-1: 8561
distanceApproximate: 3423.44
distanceTrue: 1372.66
Query 410
Nearest neighbor-1: 8561
distanceApproximate: 3572.77
distanceTrue: 1644.54
Query 411
Nearest neighbor-1: 2170
distanceApproximate: 3945.91
distanceTrue: 2160.36
Query 412
Nearest neighbor-1: 8561
distanceApproximate: 4162.51
distanceTrue: 1939.5
Query 413
Nearest neighbor-1: 2401
distanceApproximate: 3642.63
distanceTrue: 1988.19
Query 414
Nearest neighbor-1: 2401
distanceApproximate: 3511.93
distanceTrue: 1725.37
Query 415
Nearest neighbor-1: 2401
distanceApproximate: 3194.12
distanceTrue: 1012.53
Query 416
Nearest neighbor-1: 2401
distanceApproximate: 3229.26
distanceTrue: 1621.48
Query 417
Nearest neighbor-1: 12
distanceApproximate: 3375.56
distanceTrue: 2072.56
Query 418
Nearest neighbor-1: 8561
distanceApproximate: 3404.29
distanceTrue: 1252.42
Query 419
Nearest neighbor-1: 8561
distanceApproximate: 3448.95
distanceTrue: 1706.52
Query 420
Nearest neighbor-1: 2401
distanceApproximate: 3705.24
distanceTrue: 2094.83
Query 421
Nearest neighbor-1: 2401
distanceApproximate: 3695.53
distanceTrue: 1685.39
Query 422
Nearest neighbor-1: 2401
distanceApproximate: 3849.21
distanceTrue: 1961.16
Query 423
Nearest neighbor-1: 2401
distanceApproximate: 3646.21
distanceTrue: 2011.16
Query 424
Nearest neighbor-1: 2401
distanceApproximate: 3614
distanceTrue: 1941.91
Query 425
Nearest neighbor-1: 12
distanceApproximate: 3332.92
distanceTrue: 1324.54
Query 426
Nearest neighbor-1: 12
distanceApproximate: 3202.55
distanceTrue: 1284.39
Query 427
Nearest neighbor-1: 12
distanceApproximate: 3522.78
distanceTrue: 1768.28
Query 428
Nearest neighbor-1: 8561
distanceApproximate: 3772.48
distanceTrue: 1961.35
Query 429
Nearest neighbor-1: 8561
distanceApproximate: 3514.63
distanceTrue: 1235.17
Query 430
Nearest neighbor-1: 8561
distanceApproximate: 3577.16
distanceTrue: 1822.1
Query 431
Nearest neighbor-1: 2401
distanceApproximate: 3593.15
distanceTrue: 1784.18
Query 432
Nearest neighbor-1: 2401
distanceApproximate: 3278.84
distanceTrue: 1820.65
Query 433
Nearest neighbor-1: 2401
distanceApproximate: 3335.83
distanceTrue: 1508.05
Query 434
Nearest neighbor-1: 12
distanceApproximate: 3535.99
distanceTrue: 1632.7
Query 435
Nearest neighbor-1: 12
distanceApproximate: 3562.43
distanceTrue: 1875.22
Query 436
Nearest neighbor-1: 12
distanceApproximate: 4268.1
distanceTrue: 2093.31
Query 437
Nearest neighbor-1: 8561
distanceApproximate: 3678.13
distanceTrue: 1566.49
Query 438
Nearest neighbor-1: 8561
distanceApproximate: 3706.75
distanceTrue: 1763.29
Query 439
Nearest neighbor-1: 2401
distanceApproximate: 4519.19
distanceTrue: 1958.21
Query 440
Nearest neighbor-1: 2401
distanceApproximate: 3595.67
distanceTrue: 2042.6
Query 441
Nearest neighbor-1: 2401
distanceApproximate: 3784.09
distanceTrue: 2041.26
Query 442
Nearest neighbor-1: 2401
distanceApproximate: 3184.1
distanceTrue: 1628.1
Query 443
Nearest neighbor-1: 12
distanceApproximate: 3606.07
distanceTrue: 2069.76
Query 444
Nearest neighbor-1: 8561
distanceApproximate: 3697.04
distanceTrue: 1993.57
Query 445
Nearest neighbor-1: 8561
distanceApproximate: 4007.88
distanceTrue: 1998.15
Query 446
Nearest neighbor-1: 8561
distanceApproximate: 4087.06
distanceTrue: 1991.72
Query 447
Nearest neighbor-1: 2401
distanceApproximate: 3924.26
distanceTrue: 1470.78
Query 448
Nearest neighbor-1: 2401
distanceApproximate: 4097.13
distanceTrue: 1942.28
Query 449
Nearest neighbor-1: 2401
distanceApproximate: 3928.43
distanceTrue: 1940.7
Query 450
Nearest neighbor-1: 2401
distanceApproximate: 3809.82
distanceTrue: 2047.3
Query 451
Nearest neighbor-1: 2401
distanceApproximate: 3203.83
distanceTrue: 1699.15
Query 452
Nearest neighbor-1: 12
distanceApproximate: 3419.45
distanceTrue: 2256.53
Query 453
Nearest neighbor-1: 12
distanceApproximate: 3558.81
distanceTrue: 1951.25
Query 454
Nearest neighbor-1: 8561
distanceApproximate: 3449.38
distanceTrue: 1169.42
Query 455
Nearest neighbor-1: 8561
distanceApproximate: 3444.66
distanceTrue: 1729.62
Query 456
Nearest neighbor-1: 2401
distanceApproximate: 3644.16
distanceTrue: 1883.53
Query 457
Nearest neighbor-1: 2401
distanceApproximate: 3508.29
distanceTrue: 1953.15
Query 458
Nearest neighbor-1: 2401
distanceApproximate: 3441.08
distanceTrue: 1885.15
Query 459
Nearest neighbor-1: 2401
distanceApproximate: 3389.88
distanceTrue: 1719.68
Query 460
Nearest neighbor-1: 8001
distanceApproximate: 3756.36
distanceTrue: 2388.95
Query 461
Nearest neighbor-1: 2170
distanceApproximate: 3929.97
distanceTrue: 2008.15
Query 462
Nearest neighbor-1: 2170
distanceApproximate: 3828.15
distanceTrue: 1838.97
Query 463
Nearest neighbor-1: 12
distanceApproximate: 3681.47
distanceTrue: 1945.94
Query 464
Nearest neighbor-1: 12
distanceApproximate: 3978.56
distanceTrue: 2260.41
Query 465
Nearest neighbor-1: 8561
distanceApproximate: 3674.13
distanceTrue: 1927.36
Query 466
Nearest neighbor-1: 8561
distanceApproximate: 3924.95
distanceTrue: 1857.13
Query 467
Nearest neighbor-1: 2401
distanceApproximate: 3964.76
distanceTrue: 1825.83
Query 468
Nearest neighbor-1: 2401
distanceApproximate: 3943.21
distanceTrue: 1994.88
Query 469
Nearest neighbor-1: 2401
distanceApproximate: 3754.65
distanceTrue: 1773.01
Query 470
Nearest neighbor-1: 2401
distanceApproximate: 3388.86
distanceTrue: 1347.55
Query 471
Nearest neighbor-1: 2170
distanceApproximate: 3372.85
distanceTrue: 1890.47
Query 472
Nearest neighbor-1: 8561
distanceApproximate: 3038.41
distanceTrue: 997.021
Query 473
Nearest neighbor-1: 12
distanceApproximate: 3568.64
distanceTrue: 1899.26
Query 474
Nearest neighbor-1: 2401
distanceApproximate: 4011.46
distanceTrue: 2271.54
Query 475
Nearest neighbor-1: 12
distanceApproximate: 3345.82
distanceTrue: 1107.34
Query 476
Nearest neighbor-1: 2170
distanceApproximate: 3451.6
distanceTrue: 1980.35
Query 477
Nearest neighbor-1: 12
distanceApproximate: 3384.47
distanceTrue: 1826.46
Query 478
Nearest neighbor-1: 8561
distanceApproximate: 3632.1
distanceTrue: 1977.42
Query 479
Nearest neighbor-1: 8561
distanceApproximate: 3440.97
distanceTrue: 1162.89
Query 480
Nearest neighbor-1: 2401
distanceApproximate: 3695.27
distanceTrue: 1670.58
Query 481
Nearest neighbor-1: 8561
distanceApproximate: 3402.82
distanceTrue: 1740.01
Query 482
Nearest neighbor-1: 2401
distanceApproximate: 3225.37
distanceTrue: 1456.81
Query 483
Nearest neighbor-1: 12
distanceApproximate: 3404.62
distanceTrue: 1727.91
Query 484
Nearest neighbor-1: 8561
distanceApproximate: 3571.28
distanceTrue: 1854.46
Query 485
Nearest neighbor-1: 8561
distanceApproximate: 3652.12
distanceTrue: 2081.13
Query 486
Nearest neighbor-1: 8561
distanceApproximate: 3833.5
distanceTrue: 1795.6
Query 487
Nearest neighbor-1: 2401
distanceApproximate: 3561.72
distanceTrue: 1487.8
Query 488
Nearest neighbor-1: 8561
distanceApproximate: 3318.02
distanceTrue: 1205.82
Query 489
Nearest neighbor-1: 2401
distanceApproximate: 3602.6
distanceTrue: 1952.39
Query 490
Nearest neighbor-1: 2401
distanceApproximate: 3446.6
distanceTrue: 1701.83
Query 491
Nearest neighbor-1: 12
distanceApproximate: 3483.74
distanceTrue: 2106.02
Query 492
Nearest neighbor-1: 12
distanceApproximate: 3771.57
distanceTrue: 2088.28
Query 493
Nearest neighbor-1: 12
distanceApproximate: 3510.12
distanceTrue: 1669.14
Query 494
Nearest neighbor-1: 2170
distanceApproximate: 4195.13
distanceTrue: 2134.47
Query 495
Nearest neighbor-1: 8561
distanceApproximate: 3659.23
distanceTrue: 1667.61
Query 496
Nearest neighbor-1: 8561
distanceApproximate: 3703.59
distanceTrue: 1567.29
Query 497
Nearest neighbor-1: 2401
distanceApproximate: 3597.66
distanceTrue: 1749.71
Query 498
Nearest neighbor-1: 8561
distanceApproximate: 3164.53
distanceTrue: 1549.45
Query 499
Nearest neighbor-1: 12
distanceApproximate: 3781.77
distanceTrue: 1857.51
Query 500
Nearest neighbor-1: 8561
distanceApproximate: 3839.33
distanceTrue: 2432.21
Query 501
Nearest neighbor-1: 8561
distanceApproximate: 3630.97
distanceTrue: 1960.4
Query 502
Nearest neighbor-1: 8561
distanceApproximate: 3819.96
distanceTrue: 1881.5
Query 503
Nearest neighbor-1: 8561
distanceApproximate: 3251.23
distanceTrue: 1296.47
Query 504
Nearest neighbor-1: 12
distanceApproximate: 3613.02
distanceTrue: 1830.79
Query 505
Nearest neighbor-1: 8561
distanceApproximate: 3474.14
distanceTrue: 1205.79
Query 506
Nearest neighbor-1: 8561
distanceApproximate: 3803.67
distanceTrue: 1952.23
Query 507
Nearest neighbor-1: 8561
distanceApproximate: 3877.23
distanceTrue: 1650.52
Query 508
Nearest neighbor-1: 8561
distanceApproximate: 3706.37
distanceTrue: 1744.09
Query 509
Nearest neighbor-1: 8561
distanceApproximate: 3925.46
distanceTrue: 1738.26
Query 510
Nearest neighbor-1: 8561
distanceApproximate: 3604.94
distanceTrue: 1562.58
Query 511
Nearest neighbor-1: 8561
distanceApproximate: 3525.28
distanceTrue: 1980.26
Query 512
Nearest neighbor-1: 2401
distanceApproximate: 3892.53
distanceTrue: 2198.82
Query 513
Nearest neighbor-1: 8561
distanceApproximate: 3836.57
distanceTrue: 2393.99
Query 514
Nearest neighbor-1: 8561
distanceApproximate: 3293.42
distanceTrue: 1817.47
Query 515
Nearest neighbor-1: 2401
distanceApproximate: 3554.75
distanceTrue: 1919.4
Query 516
Nearest neighbor-1: 8561
distanceApproximate: 3666.74
distanceTrue: 1673.83
Query 517
Nearest neighbor-1: 8561
distanceApproximate: 3675.97
distanceTrue: 1966.9
Query 518
Nearest neighbor-1: 2401
distanceApproximate: 3547.44
distanceTrue: 1635.62
Query 519
Nearest neighbor-1: 8561
distanceApproximate: 3389.06
distanceTrue: 1521.18
Query 520
Nearest neighbor-1: 12
distanceApproximate: 3174.55
distanceTrue: 1582.95
Query 521
Nearest neighbor-1: 12
distanceApproximate: 3543.51
distanceTrue: 1944.27
Query 522
Nearest neighbor-1: 8561
distanceApproximate: 3575.11
distanceTrue: 1917.01
Query 523
Nearest neighbor-1: 8561
distanceApproximate: 3675.36
distanceTrue: 2084.14
Query 524
Nearest neighbor-1: 8561
distanceApproximate: 3692.53
distanceTrue: 2097.24
Query 525
Nearest neighbor-1: 8561
distanceApproximate: 3848.8
distanceTrue: 1913.81
Query 526
Nearest neighbor-1: 2401
distanceApproximate: 3765.07
distanceTrue: 2332.5
Query 527
Nearest neighbor-1: 12
distanceApproximate: 3541.77
distanceTrue: 2053.11
Query 528
Nearest neighbor-1: 8561
distanceApproximate: 3609.52
distanceTrue: 1297.84
Query 529
Nearest neighbor-1: 8561
distanceApproximate: 3699.32
distanceTrue: 1837.97
Query 530
Nearest neighbor-1: 8561
distanceApproximate: 3645.35
distanceTrue: 1732.06
Query 531
Nearest neighbor-1: 8561
distanceApproximate: 3758.33
distanceTrue: 1784.58
Query 532
Nearest neighbor-1: 2401
distanceApproximate: 3504.99
distanceTrue: 2110.36
Query 533
Nearest neighbor-1: 2401
distanceApproximate: 3588.38
distanceTrue: 1966.36
Query 534
Nearest neighbor-1: 8561
distanceApproximate: 3551.95
distanceTrue: 2196.17
Query 535
Nearest neighbor-1: 2401
distanceApproximate: 3192.51
distanceTrue: 1601.24
Query 536
Nearest neighbor-1: 8561
distanceApproximate: 3350.01
distanceTrue: 1211.9
Query 537
Nearest neighbor-1: 8561
distanceApproximate: 3702.5
distanceTrue: 1704.36
Query 538
Nearest neighbor-1: 8561
distanceApproximate: 3927.98
distanceTrue: 2311.98
Query 539
Nearest neighbor-1: 2401
distanceApproximate: 3600.48
distanceTrue: 2012.14
Query 540
Nearest neighbor-1: 12
distanceApproximate: 3358.42
distanceTrue: 1892.11
Query 541
Nearest neighbor-1: 12
distanceApproximate: 3153.87
distanceTrue: 1758.24
Query 542
Nearest neighbor-1: 8561
distanceApproximate: 3368.32
distanceTrue: 1965.54
Query 543
Nearest neighbor-1: 8561
distanceApproximate: 3508.78
distanceTrue: 2088.76
Query 544
Nearest neighbor-1: 8561
distanceApproximate: 3460.66
distanceTrue: 2026.01
Query 545
Nearest neighbor-1: 8561
distanceApproximate: 3710.64
distanceTrue: 2232.23
Query 546
Nearest neighbor-1: 8561
distanceApproximate: 3859.11
distanceTrue: 1909.04
Query 547
Nearest neighbor-1: 8561
distanceApproximate: 3886.58
distanceTrue: 1944.65
Query 548
Nearest neighbor-1: 2401
distanceApproximate: 3866.65
distanceTrue: 2044.15
Query 549
Nearest neighbor-1: 2401
distanceApproximate: 3417.03
distanceTrue: 1682.66
Query 550
Nearest neighbor-1: 8561
distanceApproximate: 3482.11
distanceTrue: 1808.21
Query 551
Nearest neighbor-1: 7742
distanceApproximate: 3679.15
distanceTrue: 2247.87
Query 552
Nearest neighbor-1: 12
distanceApproximate: 3606.29
distanceTrue: 2095.94
Query 553
Nearest neighbor-1: 8561
distanceApproximate: 3242.75
distanceTrue: 1723.78
Query 554
Nearest neighbor-1: 8561
distanceApproximate: 3562.04
distanceTrue: 1783.54
Query 555
Nearest neighbor-1: 8561
distanceApproximate: 4323.82
distanceTrue: 2359.08
Query 556
Nearest neighbor-1: 8561
distanceApproximate: 3837.56
distanceTrue: 1531.35
Query 557
Nearest neighbor-1: 2401
distanceApproximate: 3745.41
distanceTrue: 1995.56
Query 558
Nearest neighbor-1: 8561
distanceApproximate: 4037.93
distanceTrue: 2132.01
Query 559
Nearest neighbor-1: 8561
distanceApproximate: 3341.38
distanceTrue: 1960.88
Query 560
Nearest neighbor-1: 8561
distanceApproximate: 3323.09
distanceTrue: 1898.17
Query 561
Nearest neighbor-1: 8561
distanceApproximate: 3573.16
distanceTrue: 1837.06
Query 562
Nearest neighbor-1: 8561
distanceApproximate: 3734.73
distanceTrue: 1863.6
Query 563
Nearest neighbor-1: 8561
distanceApproximate: 3727.22
distanceTrue: 2002.35
Query 564
Nearest neighbor-1: 8561
distanceApproximate: 3649.45
distanceTrue: 1731.19
Query 565
Nearest neighbor-1: 8561
distanceApproximate: 3310.92
distanceTrue: 1849.82
Query 566
Nearest neighbor-1: 2401
distanceApproximate: 3230.64
distanceTrue: 1690.85
Query 567
Nearest neighbor-1: 12
distanceApproximate: 3543.26
distanceTrue: 2042.88
Query 568
Nearest neighbor-1: 12
distanceApproximate: 3407.31
distanceTrue: 2078.49
Query 569
Nearest neighbor-1: 12
distanceApproximate: 3513.07
distanceTrue: 1953.18
Query 570
Nearest neighbor-1: 12
distanceApproximate: 3722.82
distanceTrue: 1904.42
Query 571
Nearest neighbor-1: 8561
distanceApproximate: 3965.8
distanceTrue: 2095.46
Query 572
Nearest neighbor-1: 8561
distanceApproximate: 3835.55
distanceTrue: 1517.71
Query 573
Nearest neighbor-1: 2401
distanceApproximate: 3602.03
distanceTrue: 1913.69
Query 574
Nearest neighbor-1: 2401
distanceApproximate: 3742.69
distanceTrue: 1826.66
Query 575
Nearest neighbor-1: 701
distanceApproximate: 3193.6
distanceTrue: 1688.28
Query 576
Nearest neighbor-1: 12
distanceApproximate: 3249.32
distanceTrue: 1905.56
Query 577
Nearest neighbor-1: 8561
distanceApproximate: 3786.87
distanceTrue: 1956.95
Query 578
Nearest neighbor-1: 8561
distanceApproximate: 3984.44
distanceTrue: 1866.78
Query 579
Nearest neighbor-1: 8561
distanceApproximate: 3973.8
distanceTrue: 2032.57
Query 580
Nearest neighbor-1: 8561
distanceApproximate: 3807.43
distanceTrue: 1725.93
Query 581
Nearest neighbor-1: 2401
distanceApproximate: 3384
distanceTrue: 2044.23
Query 582
Nearest neighbor-1: 8561
distanceApproximate: 3186.41
distanceTrue: 1386.66
Query 583
Nearest neighbor-1: 2401
distanceApproximate: 3081.62
distanceTrue: 1325.83
Query 584
Nearest neighbor-1: 12
distanceApproximate: 3164.47
distanceTrue: 1727.27
Query 585
Nearest neighbor-1: 12
distanceApproximate: 3585.18
distanceTrue: 2129.84
Query 586
Nearest neighbor-1: 8561
distanceApproximate: 4042.12
distanceTrue: 2256.91
Query 587
Nearest neighbor-1: 8561
distanceApproximate: 3663.02
distanceTrue: 1899.28
Query 588
Nearest neighbor-1: 2401
distanceApproximate: 3692.14
distanceTrue: 1946.02
Query 589
Nearest neighbor-1: 8561
distanceApproximate: 3479.1
distanceTrue: 2026.52
Query 590
Nearest neighbor-1: 12
distanceApproximate: 3404.89
distanceTrue: 2174.71
Query 591
Nearest neighbor-1: 8561
distanceApproximate: 4034.39
distanceTrue: 1776.67
Query 592
Nearest neighbor-1: 2401
distanceApproximate: 3812.01
distanceTrue: 1698.13
Query 593
Nearest neighbor-1: 8561
distanceApproximate: 3651.3
distanceTrue: 1914.63
Query 594
Nearest neighbor-1: 2401
distanceApproximate: 3466.96
distanceTrue: 2019.67
Query 595
Nearest neighbor-1: 2401
distanceApproximate: 3451.41
distanceTrue: 2061.86
Query 596
Nearest neighbor-1: 12
distanceApproximate: 3532.63
distanceTrue: 1779.74
Query 597
Nearest neighbor-1: 12
distanceApproximate: 3405.69
distanceTrue: 1950.93
Query 598
Nearest neighbor-1: 8561
distanceApproximate: 3381.04
distanceTrue: 1816.55
Query 599
Nearest neighbor-1: 12
distanceApproximate: 3412.63
distanceTrue: 1937.9
Query 600
Nearest neighbor-1: 8561
distanceApproximate: 3683.83
distanceTrue: 2260.23
Query 601
Nearest neighbor-1: 8561
distanceApproximate: 3870.78
distanceTrue: 1930.55
Query 602
Nearest neighbor-1: 2401
distanceApproximate: 3727.42
distanceTrue: 1912.53
Query 603
Nearest neighbor-1: 8561
distanceApproximate: 3642.11
distanceTrue: 1739.39
Query 604
Nearest neighbor-1: 12
distanceApproximate: 3244.43
distanceTrue: 1910.37
Query 605
Nearest neighbor-1: 12
distanceApproximate: 3534.17
distanceTrue: 2002.53
Query 606
Nearest neighbor-1: 8561
distanceApproximate: 3526.13
distanceTrue: 1812.93
Query 607
Nearest neighbor-1: 8561
distanceApproximate: 3783.83
distanceTrue: 1874.53
Query 608
Nearest neighbor-1: 8561
distanceApproximate: 3859.52
distanceTrue: 2070.79
Query 609
Nearest neighbor-1: 8561
distanceApproximate: 3732.19
distanceTrue: 2310.3
Query 610
Nearest neighbor-1: 2401
distanceApproximate: 3846.11
distanceTrue: 2252.77
Query 611
Nearest neighbor-1: 8561
distanceApproximate: 3453.61
distanceTrue: 1735.49
Query 612
Nearest neighbor-1: 2401
distanceApproximate: 3277.62
distanceTrue: 1650.36
Query 613
Nearest neighbor-1: 12
distanceApproximate: 3105.93
distanceTrue: 1645.41
Query 614
Nearest neighbor-1: 12
distanceApproximate: 3421.16
distanceTrue: 1682.78
Query 615
Nearest neighbor-1: 2170
distanceApproximate: 3563.51
distanceTrue: 2085.12
Query 616
Nearest neighbor-1: 8561
distanceApproximate: 3884.61
distanceTrue: 1884.7
Query 617
Nearest neighbor-1: 8561
distanceApproximate: 4135.68
distanceTrue: 1996.41
Query 618
Nearest neighbor-1: 8561
distanceApproximate: 3729.76
distanceTrue: 2051.68
Query 619
Nearest neighbor-1: 2401
distanceApproximate: 3648.94
distanceTrue: 1839.85
Query 620
Nearest neighbor-1: 2401
distanceApproximate: 3392.01
distanceTrue: 2005.18
Query 621
Nearest neighbor-1: 7742
distanceApproximate: 3367.43
distanceTrue: 1542.16
Query 622
Nearest neighbor-1: 12
distanceApproximate: 3294.13
distanceTrue: 1574.23
Query 623
Nearest neighbor-1: 12
distanceApproximate: 3920.86
distanceTrue: 2380.19
Query 624
Nearest neighbor-1: 8561
distanceApproximate: 3613.53
distanceTrue: 1492.33
Query 625
Nearest neighbor-1: 2401
distanceApproximate: 3627.12
distanceTrue: 1767.16
Query 626
Nearest neighbor-1: 2401
distanceApproximate: 3563.44
distanceTrue: 1728.47
Query 627
Nearest neighbor-1: 2401
distanceApproximate: 3533.44
distanceTrue: 1867.99
Query 628
Nearest neighbor-1: 2401
distanceApproximate: 3185.62
distanceTrue: 1721.94
Query 629
Nearest neighbor-1: 12
distanceApproximate: 3616.7
distanceTrue: 2253.84
Query 630
Nearest neighbor-1: 8561
distanceApproximate: 4015.25
distanceTrue: 1912.93
Query 631
Nearest neighbor-1: 8561
distanceApproximate: 3767.42
distanceTrue: 1977
Query 632
Nearest neighbor-1: 2401
distanceApproximate: 3716.58
distanceTrue: 1848.8
Query 633
Nearest neighbor-1: 2401
distanceApproximate: 3464.15
distanceTrue: 1892.48
Query 634
Nearest neighbor-1: 8561
distanceApproximate: 3232.01
distanceTrue: 1637.62
Query 635
Nearest neighbor-1: 12
distanceApproximate: 3609.05
distanceTrue: 2150.22
Query 636
Nearest neighbor-1: 8561
distanceApproximate: 3644.81
distanceTrue: 1779.79
Query 637
Nearest neighbor-1: 8561
distanceApproximate: 3919.72
distanceTrue: 1834.6
Query 638
Nearest neighbor-1: 8561
distanceApproximate: 3747.59
distanceTrue: 953.596
Query 639
Nearest neighbor-1: 2401
distanceApproximate: 3677.73
distanceTrue: 1904.38
Query 640
Nearest neighbor-1: 701
distanceApproximate: 3282.25
distanceTrue: 2194.89
Query 641
Nearest neighbor-1: 12
distanceApproximate: 3651.6
distanceTrue: 1889.86
Query 642
Nearest neighbor-1: 8561
distanceApproximate: 3610.11
distanceTrue: 1861.88
Query 643
Nearest neighbor-1: 8561
distanceApproximate: 4094.15
distanceTrue: 1844.08
Query 644
Nearest neighbor-1: 8561
distanceApproximate: 3446.8
distanceTrue: 1517.65
Query 645
Nearest neighbor-1: 2401
distanceApproximate: 3442.41
distanceTrue: 1164.46
Query 646
Nearest neighbor-1: 2401
distanceApproximate: 3964.1
distanceTrue: 1874.67
Query 647
Nearest neighbor-1: 2401
distanceApproximate: 3350.79
distanceTrue: 1520.59
Query 648
Nearest neighbor-1: 12
distanceApproximate: 3328.29
distanceTrue: 1713.34
Query 649
Nearest neighbor-1: 12
distanceApproximate: 3750.14
distanceTrue: 1094.58
Query 650
Nearest neighbor-1: 12
distanceApproximate: 3408.7
distanceTrue: 1217.22
Query 651
Nearest neighbor-1: 8561
distanceApproximate: 3772.27
distanceTrue: 1724.76
Query 652
Nearest neighbor-1: 2401
distanceApproximate: 3763.9
distanceTrue: 2204.76
Query 653
Nearest neighbor-1: 2401
distanceApproximate: 3932.6
distanceTrue: 2101.45
Query 654
Nearest neighbor-1: 2401
distanceApproximate: 3742.86
distanceTrue: 2232.69
Query 655
Nearest neighbor-1: 12
distanceApproximate: 3564.14
distanceTrue: 1563.83
Query 656
Nearest neighbor-1: 2401
distanceApproximate: 3561.93
distanceTrue: 2015.83
Query 657
Nearest neighbor-1: 12
distanceApproximate: 3841.32
distanceTrue: 1840.18
Query 658
Nearest neighbor-1: 8561
distanceApproximate: 3386.56
distanceTrue: 1742.74
Query 659
Nearest neighbor-1: 8561
distanceApproximate: 3751.6
distanceTrue: 1603.75
Query 660
Nearest neighbor-1: 8561
distanceApproximate: 3753.42
distanceTrue: 1735.75
Query 661
Nearest neighbor-1: 8561
distanceApproximate: 3591.27
distanceTrue: 1259.67
Query 662
Nearest neighbor-1: 2401
distanceApproximate: 3691.37
distanceTrue: 2003.49
Query 663
Nearest neighbor-1: 2401
distanceApproximate: 4002.36
distanceTrue: 2037.83
Query 664
Nearest neighbor-1: 2401
distanceApproximate: 3473.46
distanceTrue: 1252.64
Query 665
Nearest neighbor-1: 2401
distanceApproximate: 3116.87
distanceTrue: 1059.66
Query 666
Nearest neighbor-1: 2401
distanceApproximate: 3472.97
distanceTrue: 1842.92
Query 667
Nearest neighbor-1: 2401
distanceApproximate: 3396.31
distanceTrue: 1452.48
Query 668
Nearest neighbor-1: 8561
distanceApproximate: 3471.51
distanceTrue: 1887.95
Query 669
Nearest neighbor-1: 8561
distanceApproximate: 3686.35
distanceTrue: 2140.31
Query 670
Nearest neighbor-1: 8561
distanceApproximate: 3539.86
distanceTrue: 1239.04
Query 671
Nearest neighbor-1: 2401
distanceApproximate: 4123.47
distanceTrue: 2048.17
Query 672
Nearest neighbor-1: 2401
distanceApproximate: 3781.44
distanceTrue: 1757.33
Query 673
Nearest neighbor-1: 8561
distanceApproximate: 3391.11
distanceTrue: 1004.04
Query 674
Nearest neighbor-1: 2401
distanceApproximate: 3894.7
distanceTrue: 1706.21
Query 675
Nearest neighbor-1: 2401
distanceApproximate: 3995.37
distanceTrue: 1950.94
Query 676
Nearest neighbor-1: 2401
distanceApproximate: 3576.68
distanceTrue: 1861.37
Query 677
Nearest neighbor-1: 12
distanceApproximate: 3214.07
distanceTrue: 1295.59
Query 678
Nearest neighbor-1: 2170
distanceApproximate: 3715.81
distanceTrue: 1473.23
Query 679
Nearest neighbor-1: 12
distanceApproximate: 3808.38
distanceTrue: 2084.84
Query 680
Nearest neighbor-1: 8561
distanceApproximate: 3416.82
distanceTrue: 968.747
Query 681
Nearest neighbor-1: 8561
distanceApproximate: 3582.41
distanceTrue: 1612.15
Query 682
Nearest neighbor-1: 8561
distanceApproximate: 3981.94
distanceTrue: 1781.55
Query 683
Nearest neighbor-1: 2401
distanceApproximate: 3502.97
distanceTrue: 1696.41
Query 684
Nearest neighbor-1: 2401
distanceApproximate: 3575.27
distanceTrue: 1718.81
Query 685
Nearest neighbor-1: 2401
distanceApproximate: 3340.81
distanceTrue: 1887.44
Query 686
Nearest neighbor-1: 2401
distanceApproximate: 3409.11
distanceTrue: 1693.33
Query 687
Nearest neighbor-1: 12
distanceApproximate: 3176.95
distanceTrue: 1408.56
Query 688
Nearest neighbor-1: 8561
distanceApproximate: 3852.12
distanceTrue: 2186.5
Query 689
Nearest neighbor-1: 2401
distanceApproximate: 3989.7
distanceTrue: 2042.08
Query 690
Nearest neighbor-1: 2401
distanceApproximate: 3524.46
distanceTrue: 1825.95
Query 691
Nearest neighbor-1: 2401
distanceApproximate: 3782.39
distanceTrue: 1845.69
Query 692
Nearest neighbor-1: 12
distanceApproximate: 3454.35
distanceTrue: 1811.01
Query 693
Nearest neighbor-1: 8561
distanceApproximate: 3400.59
distanceTrue: 1136.81
Query 694
Nearest neighbor-1: 8561
distanceApproximate: 3262.77
distanceTrue: 1021.84
Query 695
Nearest neighbor-1: 8561
distanceApproximate: 3788.61
distanceTrue: 1885.01
Query 696
Nearest neighbor-1: 2401
distanceApproximate: 3726.16
distanceTrue: 1953.48
Query 697
Nearest neighbor-1: 2401
distanceApproximate: 3594.86
distanceTrue: 1754.17
Query 698
Nearest neighbor-1: 2401
distanceApproximate: 3462.97
distanceTrue: 1071.6
Query 699
Nearest neighbor-1: 2401
distanceApproximate: 4169.16
distanceTrue: 1906.27
Query 700
Nearest neighbor-1: 2401
distanceApproximate: 3548.92
distanceTrue: 1411.44
Query 701
Nearest neighbor-1: 2401
distanceApproximate: 3264.09
distanceTrue: 1694.56
Query 702
Nearest neighbor-1: 2401
distanceApproximate: 3322.44
distanceTrue: 2159.21
Query 703
Nearest neighbor-1: 12
distanceApproximate: 3428.62
distanceTrue: 1624.87
Query 704
Nearest neighbor-1: 8561
distanceApproximate: 3643.33
distanceTrue: 1675.84
Query 705
Nearest neighbor-1: 8561
distanceApproximate: 3912.75
distanceTrue: 1738.21
Query 706
Nearest neighbor-1: 8561
distanceApproximate: 3832.06
distanceTrue: 1669.72
Query 707
Nearest neighbor-1: 8561
distanceApproximate: 4057.42
distanceTrue: 2003.33
Query 708
Nearest neighbor-1: 2401
distanceApproximate: 4071.46
distanceTrue: 2432.61
Query 709
Nearest neighbor-1: 2401
distanceApproximate: 3759.39
distanceTrue: 2063.82
Query 710
Nearest neighbor-1: 2401
distanceApproximate: 3785.75
distanceTrue: 1869.46
Query 711
Nearest neighbor-1: 2401
distanceApproximate: 3452.62
distanceTrue: 1554.71
Query 712
Nearest neighbor-1: 2401
distanceApproximate: 3337.27
distanceTrue: 2023.46
Query 713
Nearest neighbor-1: 12
distanceApproximate: 3661.79
distanceTrue: 2105
Query 714
Nearest neighbor-1: 8561
distanceApproximate: 3498.52
distanceTrue: 1088.96
Query 715
Nearest neighbor-1: 8561
distanceApproximate: 3850.98
distanceTrue: 2242.39
Query 716
Nearest neighbor-1: 2401
distanceApproximate: 3545.97
distanceTrue: 1997.09
Query 717
Nearest neighbor-1: 2401
distanceApproximate: 3889.07
distanceTrue: 2132.35
Query 718
Nearest neighbor-1: 12
distanceApproximate: 3527.92
distanceTrue: 2157.18
Query 719
Nearest neighbor-1: 8561
distanceApproximate: 3606.45
distanceTrue: 2094.5
Query 720
Nearest neighbor-1: 2401
distanceApproximate: 3768.31
distanceTrue: 1781.54
Query 721
Nearest neighbor-1: 2401
distanceApproximate: 3692.89
distanceTrue: 1984.43
Query 722
Nearest neighbor-1: 2401
distanceApproximate: 3333.88
distanceTrue: 1736.05
Query 723
Nearest neighbor-1: 8561
distanceApproximate: 3211.51
distanceTrue: 1222.35
Query 724
Nearest neighbor-1: 2401
distanceApproximate: 3147.45
distanceTrue: 1724.39
Query 725
Nearest neighbor-1: 12
distanceApproximate: 3487.64
distanceTrue: 1905.85
Query 726
Nearest neighbor-1: 8561
distanceApproximate: 3564.37
distanceTrue: 1853.88
Query 727
Nearest neighbor-1: 8561
distanceApproximate: 3799.35
distanceTrue: 1745.66
Query 728
Nearest neighbor-1: 8561
distanceApproximate: 3775.15
distanceTrue: 1944.18
Query 729
Nearest neighbor-1: 2401
distanceApproximate: 3718.97
distanceTrue: 2111.77
Query 730
Nearest neighbor-1: 2401
distanceApproximate: 3720.52
distanceTrue: 1814.46
Query 731
Nearest neighbor-1: 2401
distanceApproximate: 3449.48
distanceTrue: 1920.16
Query 732
Nearest neighbor-1: 8561
distanceApproximate: 3355.98
distanceTrue: 1291.21
Query 733
Nearest neighbor-1: 8561
distanceApproximate: 3341.12
distanceTrue: 1258.29
Query 734
Nearest neighbor-1: 12
distanceApproximate: 4101.2
distanceTrue: 2425.97
Query 735
Nearest neighbor-1: 8561
distanceApproximate: 3835.79
distanceTrue: 1998.66
Query 736
Nearest neighbor-1: 8561
distanceApproximate: 3828.66
distanceTrue: 1901.82
Query 737
Nearest neighbor-1: 8561
distanceApproximate: 3766.49
distanceTrue: 1737.94
Query 738
Nearest neighbor-1: 8561
distanceApproximate: 3854.62
distanceTrue: 1910.59
Query 739
Nearest neighbor-1: 8561
distanceApproximate: 3512.42
distanceTrue: 1535.43
Query 740
Nearest neighbor-1: 8561
distanceApproximate: 3926.98
distanceTrue: 2176.61
Query 741
Nearest neighbor-1: 12
distanceApproximate: 3546.77
distanceTrue: 1921.45
Query 742
Nearest neighbor-1: 8561
distanceApproximate: 3710.37
distanceTrue: 2280.36
Query 743
Nearest neighbor-1: 8561
distanceApproximate: 3659.7
distanceTrue: 1158.26
Query 744
Nearest neighbor-1: 8561
distanceApproximate: 3830.82
distanceTrue: 1833.18
Query 745
Nearest neighbor-1: 2401
distanceApproximate: 3694.89
distanceTrue: 1770.08
Query 746
Nearest neighbor-1: 2401
distanceApproximate: 3286.59
distanceTrue: 1707.15
Query 747
Nearest neighbor-1: 8561
distanceApproximate: 3312.41
distanceTrue: 1474.92
Query 748
Nearest neighbor-1: 8561
distanceApproximate: 3859.77
distanceTrue: 2174.78
Query 749
Nearest neighbor-1: 8561
distanceApproximate: 3989.34
distanceTrue: 2217.54
Query 750
Nearest neighbor-1: 8561
distanceApproximate: 4057.36
distanceTrue: 2043.82
Query 751
Nearest neighbor-1: 8561
distanceApproximate: 3849.23
distanceTrue: 1865.71
Query 752
Nearest neighbor-1: 8561
distanceApproximate: 3456
distanceTrue: 1125.36
Query 753
Nearest neighbor-1: 8561
distanceApproximate: 3567.93
distanceTrue: 1494.74
Query 754
Nearest neighbor-1: 8561
distanceApproximate: 3616.28
distanceTrue: 1252.66
Query 755
Nearest neighbor-1: 8561
distanceApproximate: 3700.6
distanceTrue: 1737.08
Query 756
Nearest neighbor-1: 8561
distanceApproximate: 3477.27
distanceTrue: 1686.31
Query 757
Nearest neighbor-1: 8561
distanceApproximate: 3395.21
distanceTrue: 1424.1
Query 758
Nearest neighbor-1: 2401
distanceApproximate: 3414.36
distanceTrue: 1687.93
Query 759
Nearest neighbor-1: 12
distanceApproximate: 3681.89
distanceTrue: 1966.37
Query 760
Nearest neighbor-1: 12
distanceApproximate: 3756.03
distanceTrue: 1997.99
Query 761
Nearest neighbor-1: 8561
distanceApproximate: 3774.35
distanceTrue: 2156.39
Query 762
Nearest neighbor-1: 8561
distanceApproximate: 3725.33
distanceTrue: 1887.15
Query 763
Nearest neighbor-1: 8561
distanceApproximate: 4067.02
distanceTrue: 1942.58
Query 764
Nearest neighbor-1: 8561
distanceApproximate: 3946.36
distanceTrue: 2084.71
Query 765
Nearest neighbor-1: 2401
distanceApproximate: 3379.44
distanceTrue: 1428.97
Query 766
Nearest neighbor-1: 2401
distanceApproximate: 3535.16
distanceTrue: 1357.56
Query 767
Nearest neighbor-1: 8561
distanceApproximate: 3487.81
distanceTrue: 1879.07
Query 768
Nearest neighbor-1: 7742
distanceApproximate: 3626.59
distanceTrue: 1698.31
Query 769
Nearest neighbor-1: 2401
distanceApproximate: 3546.35
distanceTrue: 1686.19
Query 770
Nearest neighbor-1: 8561
distanceApproximate: 3237.91
distanceTrue: 848.923
Query 771
Nearest neighbor-1: 8561
distanceApproximate: 3271.17
distanceTrue: 1644.77
Query 772
Nearest neighbor-1: 12
distanceApproximate: 3316.31
distanceTrue: 1585.92
Query 773
Nearest neighbor-1: 12
distanceApproximate: 3585.79
distanceTrue: 1820.39
Query 774
Nearest neighbor-1: 8561
distanceApproximate: 3657.85
distanceTrue: 2114.64
Query 775
Nearest neighbor-1: 12
distanceApproximate: 3655.3
distanceTrue: 1766.34
Query 776
Nearest neighbor-1: 8561
distanceApproximate: 3949.91
distanceTrue: 1760.24
Query 777
Nearest neighbor-1: 2401
distanceApproximate: 3435.32
distanceTrue: 1938.22
Query 778
Nearest neighbor-1: 2401
distanceApproximate: 3403.72
distanceTrue: 2159.72
Query 779
Nearest neighbor-1: 8561
distanceApproximate: 3105.81
distanceTrue: 1809.95
Query 780
Nearest neighbor-1: 12
distanceApproximate: 3548.5
distanceTrue: 2020.43
Query 781
Nearest neighbor-1: 8561
distanceApproximate: 3390.61
distanceTrue: 1561.36
Query 782
Nearest neighbor-1: 8561
distanceApproximate: 3933.4
distanceTrue: 2000.47
Query 783
Nearest neighbor-1: 8561
distanceApproximate: 3785.81
distanceTrue: 1951.98
Query 784
Nearest neighbor-1: 8561
distanceApproximate: 3787.74
distanceTrue: 2177.64
Query 785
Nearest neighbor-1: 8561
distanceApproximate: 3919.34
distanceTrue: 2101.82
Query 786
Nearest neighbor-1: 8561
distanceApproximate: 3478.95
distanceTrue: 1654.22
Query 787
Nearest neighbor-1: 8561
distanceApproximate: 3421.62
distanceTrue: 1469.66
Query 788
Nearest neighbor-1: 12
distanceApproximate: 3226.8
distanceTrue: 1716.67
Query 789
Nearest neighbor-1: 701
distanceApproximate: 3417.98
distanceTrue: 2281.92
Query 790
Nearest neighbor-1: 12
distanceApproximate: 3669.97
distanceTrue: 2092.05
Query 791
Nearest neighbor-1: 12
distanceApproximate: 3708.04
distanceTrue: 2118.25
Query 792
Nearest neighbor-1: 8561
distanceApproximate: 3891.26
distanceTrue: 1765.25
Query 793
Nearest neighbor-1: 8561
distanceApproximate: 3776.55
distanceTrue: 1764.9
Query 794
Nearest neighbor-1: 8561
distanceApproximate: 4148.49
distanceTrue: 2087.62
Query 795
Nearest neighbor-1: 8561
distanceApproximate: 3577.56
distanceTrue: 1583.42
Query 796
Nearest neighbor-1: 8561
distanceApproximate: 3775.89
distanceTrue: 1884.15
Query 797
Nearest neighbor-1: 2401
distanceApproximate: 3908.43
distanceTrue: 1969.06
Query 798
Nearest neighbor-1: 2401
distanceApproximate: 3497.09
distanceTrue: 2201.68
Query 799
Nearest neighbor-1: 8561
distanceApproximate: 3778.46
distanceTrue: 2111.75
Query 800
Nearest neighbor-1: 2401
distanceApproximate: 3384.64
distanceTrue: 1967.5
Query 801
Nearest neighbor-1: 12
distanceApproximate: 3623.13
distanceTrue: 2179.87
Query 802
Nearest neighbor-1: 701
distanceApproximate: 3665.19
distanceTrue: 2210.07
Query 803
Nearest neighbor-1: 8561
distanceApproximate: 3835.52
distanceTrue: 2089.56
Query 804
Nearest neighbor-1: 2401
distanceApproximate: 3670.52
distanceTrue: 2096.31
Query 805
Nearest neighbor-1: 2401
distanceApproximate: 3525.33
distanceTrue: 2053.16
Query 806
Nearest neighbor-1: 12
distanceApproximate: 3116.96
distanceTrue: 1351.49
Query 807
Nearest neighbor-1: 12
distanceApproximate: 3225.27
distanceTrue: 1524.17
Query 808
Nearest neighbor-1: 2170
distanceApproximate: 3607.54
distanceTrue: 2154.36
Query 809
Nearest neighbor-1: 2170
distanceApproximate: 3681.37
distanceTrue: 2051.74
Query 810
Nearest neighbor-1: 8561
distanceApproximate: 3974.57
distanceTrue: 2133.54
Query 811
Nearest neighbor-1: 8561
distanceApproximate: 3815.33
distanceTrue: 1742.21
Query 812
Nearest neighbor-1: 8561
distanceApproximate: 3589.63
distanceTrue: 1968.43
Query 813
Nearest neighbor-1: 7742
distanceApproximate: 3267.95
distanceTrue: 1925.64
Query 814
Nearest neighbor-1: 2170
distanceApproximate: 3684.91
distanceTrue: 2314.26
Query 815
Nearest neighbor-1: 8561
distanceApproximate: 3883.2
distanceTrue: 1844.33
Query 816
Nearest neighbor-1: 8561
distanceApproximate: 3688.6
distanceTrue: 1696.44
Query 817
Nearest neighbor-1: 8561
distanceApproximate: 3785.74
distanceTrue: 2017.98
Query 818
Nearest neighbor-1: 8561
distanceApproximate: 3476.17
distanceTrue: 2095.34
Query 819
Nearest neighbor-1: 701
distanceApproximate: 3338.23
distanceTrue: 1887.45
Query 820
Nearest neighbor-1: 12
distanceApproximate: 3558.95
distanceTrue: 1741.32
Query 821
Nearest neighbor-1: 8561
distanceApproximate: 3740.05
distanceTrue: 1575.46
Query 822
Nearest neighbor-1: 8561
distanceApproximate: 3398.58
distanceTrue: 1805.32
Query 823
Nearest neighbor-1: 8561
distanceApproximate: 3672.53
distanceTrue: 1468.94
Query 824
Nearest neighbor-1: 2401
distanceApproximate: 3418.1
distanceTrue: 1723.42
Query 825
Nearest neighbor-1: 2401
distanceApproximate: 3334.39
distanceTrue: 1675.26
Query 826
Nearest neighbor-1: 701
distanceApproximate: 3441.53
distanceTrue: 2104.51
Query 827
Nearest neighbor-1: 8561
distanceApproximate: 3422
distanceTrue: 1808.6
Query 828
Nearest neighbor-1: 12
distanceApproximate: 3357.74
distanceTrue: 1385.89
Query 829
Nearest neighbor-1: 8561
distanceApproximate: 3463.74
distanceTrue: 1562.76
Query 830
Nearest neighbor-1: 8561
distanceApproximate: 3785.29
distanceTrue: 1819.47
Query 831
Nearest neighbor-1: 8561
distanceApproximate: 3776.21
distanceTrue: 1593.31
Query 832
Nearest neighbor-1: 8561
distanceApproximate: 3590.72
distanceTrue: 973.302
Query 833
Nearest neighbor-1: 8561
distanceApproximate: 3390.2
distanceTrue: 1390.19
Query 834
Nearest neighbor-1: 8561
distanceApproximate: 3178.97
distanceTrue: 1648.75
Query 835
Nearest neighbor-1: 701
distanceApproximate: 3529.32
distanceTrue: 2131.09
Query 836
Nearest neighbor-1: 12
distanceApproximate: 3477.15
distanceTrue: 1989.08
Query 837
Nearest neighbor-1: 12
distanceApproximate: 3660.29
distanceTrue: 1499.41
Query 838
Nearest neighbor-1: 8561
distanceApproximate: 3455.31
distanceTrue: 2094.09
Query 839
Nearest neighbor-1: 8561
distanceApproximate: 3475.87
distanceTrue: 1628.39
Query 840
Nearest neighbor-1: 2401
distanceApproximate: 3764.51
distanceTrue: 1975.66
Query 841
Nearest neighbor-1: 8561
distanceApproximate: 3464.97
distanceTrue: 1829.78
Query 842
Nearest neighbor-1: 701
distanceApproximate: 3367.7
distanceTrue: 2075.8
Query 843
Nearest neighbor-1: 8561
distanceApproximate: 3643.54
distanceTrue: 1952.8
Query 844
Nearest neighbor-1: 8561
distanceApproximate: 3806.64
distanceTrue: 1785.03
Query 845
Nearest neighbor-1: 8561
distanceApproximate: 3542.99
distanceTrue: 1533.9
Query 846
Nearest neighbor-1: 2401
distanceApproximate: 3498.54
distanceTrue: 1854.36
Query 847
Nearest neighbor-1: 8561
distanceApproximate: 3337.12
distanceTrue: 1246.81
Query 848
Nearest neighbor-1: 12
distanceApproximate: 3407.64
distanceTrue: 1991.61
Query 849
Nearest neighbor-1: 8561
distanceApproximate: 3350.66
distanceTrue: 1717.01
Query 850
Nearest neighbor-1: 8561
distanceApproximate: 3503.58
distanceTrue: 1644.11
Query 851
Nearest neighbor-1: 8561
distanceApproximate: 3610.71
distanceTrue: 2081.22
Query 852
Nearest neighbor-1: 8561
distanceApproximate: 3973.74
distanceTrue: 1888.23
Query 853
Nearest neighbor-1: 2401
distanceApproximate: 3555.18
distanceTrue: 1795.98
Query 854
Nearest neighbor-1: 2401
distanceApproximate: 3401.13
distanceTrue: 1856.44
Query 855
Nearest neighbor-1: 12
distanceApproximate: 3572.87
distanceTrue: 2082.59
Query 856
Nearest neighbor-1: 8561
distanceApproximate: 3489
distanceTrue: 1695.11
Query 857
Nearest neighbor-1: 8561
distanceApproximate: 3769.32
distanceTrue: 2041.86
Query 858
Nearest neighbor-1: 8561
distanceApproximate: 3570.58
distanceTrue: 1667.16
Query 859
Nearest neighbor-1: 8561
distanceApproximate: 3729.58
distanceTrue: 1688.95
Query 860
Nearest neighbor-1: 8561
distanceApproximate: 3637.02
distanceTrue: 2150.97
Query 861
Nearest neighbor-1: 2401
distanceApproximate: 4047.24
distanceTrue: 1952.17
Query 862
Nearest neighbor-1: 12
distanceApproximate: 3755.58
distanceTrue: 2104.73
Query 863
Nearest neighbor-1: 8561
distanceApproximate: 3662.87
distanceTrue: 1999.81
Query 864
Nearest neighbor-1: 8561
distanceApproximate: 3793.25
distanceTrue: 1886.52
Query 865
Nearest neighbor-1: 2401
distanceApproximate: 3621.38
distanceTrue: 1904.83
Query 866
Nearest neighbor-1: 2401
distanceApproximate: 3914.85
distanceTrue: 2069.46
Query 867
Nearest neighbor-1: 2401
distanceApproximate: 3374.87
distanceTrue: 1814.51
Query 868
Nearest neighbor-1: 8561
distanceApproximate: 3751.25
distanceTrue: 1610
Query 869
Nearest neighbor-1: 12
distanceApproximate: 3744.85
distanceTrue: 1737.08
Query 870
Nearest neighbor-1: 12
distanceApproximate: 3759.38
distanceTrue: 1951.27
Query 871
Nearest neighbor-1: 8561
distanceApproximate: 3698.18
distanceTrue: 1682.15
Query 872
Nearest neighbor-1: 8561
distanceApproximate: 3879.12
distanceTrue: 1934.92
Query 873
Nearest neighbor-1: 2401
distanceApproximate: 4165.92
distanceTrue: 2379.49
Query 874
Nearest neighbor-1: 2401
distanceApproximate: 3805.22
distanceTrue: 2406.08
Query 875
Nearest neighbor-1: 7742
distanceApproximate: 3767.63
distanceTrue: 2214.62
Query 876
Nearest neighbor-1: 2401
distanceApproximate: 3313.7
distanceTrue: 2045.6
Query 877
Nearest neighbor-1: 8561
distanceApproximate: 3526.56
distanceTrue: 1867.77
Query 878
Nearest neighbor-1: 8561
distanceApproximate: 3962.16
distanceTrue: 1823.36
Query 879
Nearest neighbor-1: 8561
distanceApproximate: 3475.91
distanceTrue: 1626.14
Query 880
Nearest neighbor-1: 2401
distanceApproximate: 3321.74
distanceTrue: 1761.91
Query 881
Nearest neighbor-1: 2401
distanceApproximate: 3364.17
distanceTrue: 1471.35
Query 882
Nearest neighbor-1: 2401
distanceApproximate: 3240.94
distanceTrue: 1670.81
Query 883
Nearest neighbor-1: 12
distanceApproximate: 3596.32
distanceTrue: 2101.25
Query 884
Nearest neighbor-1: 12
distanceApproximate: 3660.25
distanceTrue: 1838.36
Query 885
Nearest neighbor-1: 2401
distanceApproximate: 3697.94
distanceTrue: 1914.57
Query 886
Nearest neighbor-1: 2401
distanceApproximate: 3345.48
distanceTrue: 1147.68
Query 887
Nearest neighbor-1: 12
distanceApproximate: 3328.87
distanceTrue: 1785.75
Query 888
Nearest neighbor-1: 12
distanceApproximate: 3372.23
distanceTrue: 1807.84
Query 889
Nearest neighbor-1: 12
distanceApproximate: 3740.51
distanceTrue: 1932.06
Query 890
Nearest neighbor-1: 8561
distanceApproximate: 3412.27
distanceTrue: 1648.82
Query 891
Nearest neighbor-1: 12
distanceApproximate: 4441.08
distanceTrue: 2524.82
Query 892
Nearest neighbor-1: 8561
distanceApproximate: 3953.95
distanceTrue: 2062.49
Query 893
Nearest neighbor-1: 2401
distanceApproximate: 3798.82
distanceTrue: 1914.85
Query 894
Nearest neighbor-1: 2401
distanceApproximate: 3757.18
distanceTrue: 1910.47
Query 895
Nearest neighbor-1: 2401
distanceApproximate: 3399.32
distanceTrue: 1682.1
Query 896
Nearest neighbor-1: 2401
distanceApproximate: 3708.84
distanceTrue: 2240.06
Query 897
Nearest neighbor-1: 12
distanceApproximate: 3174.62
distanceTrue: 1411.02
Query 898
Nearest neighbor-1: 12
distanceApproximate: 3490.63
distanceTrue: 1267.51
Query 899
Nearest neighbor-1: 8561
distanceApproximate: 3512.17
distanceTrue: 1681.29
Query 900
Nearest neighbor-1: 8561
distanceApproximate: 4301.48
distanceTrue: 2104.34
Query 901
Nearest neighbor-1: 2401
distanceApproximate: 3978.18
distanceTrue: 2243.74
Query 902
Nearest neighbor-1: 2401
distanceApproximate: 3567.07
distanceTrue: 1759.82
Query 903
Nearest neighbor-1: 2401
distanceApproximate: 3602.65
distanceTrue: 1639.48
Query 904
Nearest neighbor-1: 8561
distanceApproximate: 3129.32
distanceTrue: 855.823
Query 905
Nearest neighbor-1: 8561
distanceApproximate: 3372.03
distanceTrue: 1458.48
Query 906
Nearest neighbor-1: 8561
distanceApproximate: 3240.06
distanceTrue: 1535.51
Query 907
Nearest neighbor-1: 8561
distanceApproximate: 3750.48
distanceTrue: 1506.6
Query 908
Nearest neighbor-1: 8561
distanceApproximate: 3938.07
distanceTrue: 1081.55
Query 909
Nearest neighbor-1: 2401
distanceApproximate: 3990.31
distanceTrue: 1990.33
Query 910
Nearest neighbor-1: 2401
distanceApproximate: 3649.73
distanceTrue: 1874.72
Query 911
Nearest neighbor-1: 2401
distanceApproximate: 3470.82
distanceTrue: 1750.05
Query 912
Nearest neighbor-1: 2401
distanceApproximate: 3184.3
distanceTrue: 1757.41
Query 913
Nearest neighbor-1: 2401
distanceApproximate: 3608.25
distanceTrue: 2182.42
Query 914
Nearest neighbor-1: 12
distanceApproximate: 3359.52
distanceTrue: 1426.72
Query 915
Nearest neighbor-1: 12
distanceApproximate: 3070.46
distanceTrue: 948.507
Query 916
Nearest neighbor-1: 12
distanceApproximate: 3391.67
distanceTrue: 1724.1
Query 917
Nearest neighbor-1: 8561
distanceApproximate: 3410.89
distanceTrue: 1001.46
Query 918
Nearest neighbor-1: 8561
distanceApproximate: 4060.1
distanceTrue: 2024.1
Query 919
Nearest neighbor-1: 8561
distanceApproximate: 3688.35
distanceTrue: 1755.93
Query 920
Nearest neighbor-1: 2401
distanceApproximate: 4260.99
distanceTrue: 2275.44
Query 921
Nearest neighbor-1: 8561
distanceApproximate: 3298.76
distanceTrue: 2043.55
Query 922
Nearest neighbor-1: 8561
distanceApproximate: 3551.06
distanceTrue: 1900.74
Query 923
Nearest neighbor-1: 8561
distanceApproximate: 3948.75
distanceTrue: 2011.43
Query 924
Nearest neighbor-1: 8561
distanceApproximate: 3780.26
distanceTrue: 1995.12
Query 925
Nearest neighbor-1: 2401
distanceApproximate: 3583.38
distanceTrue: 1451.83
Query 926
Nearest neighbor-1: 8561
distanceApproximate: 3325.04
distanceTrue: 1114.43
Query 927
Nearest neighbor-1: 2401
distanceApproximate: 3465.39
distanceTrue: 1609.01
Query 928
Nearest neighbor-1: 2401
distanceApproximate: 3194.74
distanceTrue: 1417.03
Query 929
Nearest neighbor-1: 8561
distanceApproximate: 3392.22
distanceTrue: 2108.91
Query 930
Nearest neighbor-1: 8561
distanceApproximate: 3523.03
distanceTrue: 1943.94
Query 931
Nearest neighbor-1: 8561
distanceApproximate: 4032.16
distanceTrue: 1966.31
Query 932
Nearest neighbor-1: 8561
distanceApproximate: 3872.02
distanceTrue: 2047.27
Query 933
Nearest neighbor-1: 2401
distanceApproximate: 4080.34
distanceTrue: 2089.06
Query 934
Nearest neighbor-1: 2401
distanceApproximate: 3911.18
distanceTrue: 2289.81
Query 935
Nearest neighbor-1: 8001
distanceApproximate: 3303.46
distanceTrue: 1995.6
Query 936
Nearest neighbor-1: 8561
distanceApproximate: 3948.66
distanceTrue: 2159.25
Query 937
Nearest neighbor-1: 8561
distanceApproximate: 4024.49
distanceTrue: 1794.1
Query 938
Nearest neighbor-1: 8561
distanceApproximate: 3909.04
distanceTrue: 1708.33
Query 939
Nearest neighbor-1: 8561
distanceApproximate: 3775.12
distanceTrue: 1837.5
Query 940
Nearest neighbor-1: 2401
distanceApproximate: 3635.68
distanceTrue: 1649.5
Query 941
Nearest neighbor-1: 8561
distanceApproximate: 3460.87
distanceTrue: 1720.56
Query 942
Nearest neighbor-1: 12
distanceApproximate: 3716.77
distanceTrue: 2136.9
Query 943
Nearest neighbor-1: 8561
distanceApproximate: 3451.92
distanceTrue: 1309.28
Query 944
Nearest neighbor-1: 8561
distanceApproximate: 4311.74
distanceTrue: 1958.87
Query 945
Nearest neighbor-1: 8561
distanceApproximate: 3437.28
distanceTrue: 1340.56
Query 946
Nearest neighbor-1: 8561
distanceApproximate: 3516.07
distanceTrue: 1055.25
Query 947
Nearest neighbor-1: 8561
distanceApproximate: 3768.58
distanceTrue: 1693.81
Query 948
Nearest neighbor-1: 8561
distanceApproximate: 3727.67
distanceTrue: 1919.83
Query 949
Nearest neighbor-1: 2401
distanceApproximate: 3357.76
distanceTrue: 1802.18
Query 950
Nearest neighbor-1: 8561
distanceApproximate: 3297.6
distanceTrue: 1627.79
Query 951
Nearest neighbor-1: 12
distanceApproximate: 3429.22
distanceTrue: 1860.65
Query 952
Nearest neighbor-1: 12
distanceApproximate: 3888.32
distanceTrue: 2111.51
Query 953
Nearest neighbor-1: 8561
distanceApproximate: 3555.62
distanceTrue: 1693.58
Query 954
Nearest neighbor-1: 8561
distanceApproximate: 3727.43
distanceTrue: 2090.01
Query 955
Nearest neighbor-1: 8561
distanceApproximate: 3641.12
distanceTrue: 1757.1
Query 956
Nearest neighbor-1: 8561
distanceApproximate: 3524.29
distanceTrue: 1544.91
Query 957
Nearest neighbor-1: 8561
distanceApproximate: 3684.62
distanceTrue: 1680.98
Query 958
Nearest neighbor-1: 8561
distanceApproximate: 3530.04
distanceTrue: 1657.83
Query 959
Nearest neighbor-1: 12
distanceApproximate: 3305.07
distanceTrue: 1695.58
Query 960
Nearest neighbor-1: 8561
distanceApproximate: 3173.09
distanceTrue: 1093.86
Query 961
Nearest neighbor-1: 8561
distanceApproximate: 3372.34
distanceTrue: 1280.59
Query 962
Nearest neighbor-1: 8561
distanceApproximate: 3669.45
distanceTrue: 1870.72
Query 963
Nearest neighbor-1: 8561
distanceApproximate: 3865.89
distanceTrue: 1741.18
Query 964
Nearest neighbor-1: 8561
distanceApproximate: 3510.16
distanceTrue: 1188.32
Query 965
Nearest neighbor-1: 8561
distanceApproximate: 3716.09
distanceTrue: 1609.61
Query 966
Nearest neighbor-1: 8561
distanceApproximate: 3721.34
distanceTrue: 1877.07
Query 967
Nearest neighbor-1: 2401
distanceApproximate: 3377.27
distanceTrue: 1906.97
Query 968
Nearest neighbor-1: 2401
distanceApproximate: 3630.62
distanceTrue: 1903.75
Query 969
Nearest neighbor-1: 8561
distanceApproximate: 3846.09
distanceTrue: 2322.07
Query 970
Nearest neighbor-1: 8561
distanceApproximate: 3743.14
distanceTrue: 2070.53
Query 971
Nearest neighbor-1: 8561
distanceApproximate: 3702.96
distanceTrue: 2071.03
Query 972
Nearest neighbor-1: 8561
distanceApproximate: 3600.82
distanceTrue: 1920.47
Query 973
Nearest neighbor-1: 8561
distanceApproximate: 3649.71
distanceTrue: 1698.27
Query 974
Nearest neighbor-1: 8561
distanceApproximate: 3943.55
distanceTrue: 1386.98
Query 975
Nearest neighbor-1: 8561
distanceApproximate: 3764.49
distanceTrue: 2062.47
Query 976
Nearest neighbor-1: 8561
distanceApproximate: 3677.1
distanceTrue: 1125.58
Query 977
Nearest neighbor-1: 8561
distanceApproximate: 3764.94
distanceTrue: 1921.22
Query 978
Nearest neighbor-1: 2401
distanceApproximate: 3579.14
distanceTrue: 2126.02
Query 979
Nearest neighbor-1: 8561
distanceApproximate: 3411.07
distanceTrue: 1959.95
Query 980
Nearest neighbor-1: 8561
distanceApproximate: 3588.82
distanceTrue: 1818.84
Query 981
Nearest neighbor-1: 8561
distanceApproximate: 3472.11
distanceTrue: 1676.38
Query 982
Nearest neighbor-1: 8561
distanceApproximate: 3932.81
distanceTrue: 2085.59
Query 983
Nearest neighbor-1: 8561
distanceApproximate: 3969.81
distanceTrue: 1875.73
Query 984
Nearest neighbor-1: 8561
distanceApproximate: 3554.36
distanceTrue: 1603.84
Query 985
Nearest neighbor-1: 2401
distanceApproximate: 3366.33
distanceTrue: 1508.13
Query 986
Nearest neighbor-1: 2401
distanceApproximate: 3412.56
distanceTrue: 1769.92
Query 987
Nearest neighbor-1: 8561
distanceApproximate: 3701.45
distanceTrue: 2170.68
Query 988
Nearest neighbor-1: 12
distanceApproximate: 3788.7
distanceTrue: 2123.39
Query 989
Nearest neighbor-1: 12
distanceApproximate: 3707.95
distanceTrue: 1712.31
Query 990
Nearest neighbor-1: 8561
distanceApproximate: 3846.03
distanceTrue: 1966.69
Query 991
Nearest neighbor-1: 8561
distanceApproximate: 3914.54
distanceTrue: 1684.4
Query 992
Nearest neighbor-1: 2401
distanceApproximate: 3993.54
distanceTrue: 2183.43
Query 993
Nearest neighbor-1: 2401
distanceApproximate: 3799.84
distanceTrue: 2285.42
Query 994
Nearest neighbor-1: 12
distanceApproximate: 4053.56
distanceTrue: 2302.72
Query 995
Nearest neighbor-1: 12
distanceApproximate: 3787.13
distanceTrue: 2194.73
Query 996
Nearest neighbor-1: 8561
distanceApproximate: 3629.13
distanceTrue: 1717.84
Query 997
Nearest neighbor-1: 8561
distanceApproximate: 3863.85
distanceTrue: 1745.52
Query 998
Nearest neighbor-1: 8561
distanceApproximate: 3936.24
distanceTrue: 1600.77
Query 999
Nearest neighbor-1: 2401
distanceApproximate: 4045.4
distanceTrue: 1990
Query 1000
Nearest neighbor-1: 2401
distanceApproximate: 3928.95
distanceTrue: 2200.96
Mean AF: 2.05723
tAverageApproximate: 35.445
tAverageTrue: 9382.11
