Query 1
Nearest neighbor-1: 858
distanceApproximate: 473.008
distanceTrue: 1203.39
Query 2
Nearest neighbor-1: 195
distanceApproximate: 891.908
distanceTrue: 1262.88
Query 3
Nearest neighbor-1: 532
distanceApproximate: 457.841
distanceTrue: 1108.59
Query 4
Nearest neighbor-1: 102
distanceApproximate: 999.293
distanceTrue: 1276.45
Query 5
Nearest neighbor-1: 789
distanceApproximate: 880.489
distanceTrue: 1288.44
Query 6
Nearest neighbor-1: 631
distanceApproximate: 648.224
distanceTrue: 1159.26
Query 7
Nearest neighbor-1: 789
distanceApproximate: 792.571
distanceTrue: 1294.28
Query 8
Nearest neighbor-1: 631
distanceApproximate: 947.842
distanceTrue: 1242.9
Query 9
Nearest neighbor-1: 451
distanceApproximate: 1048.03
distanceTrue: 1365.28
Query 10
Nearest neighbor-1: 4
distanceApproximate: 806.761
distanceTrue: 1351.7
Query 11
Nearest neighbor-1: 711
distanceApproximate: 1059.27
distanceTrue: 1379.44
Query 12
Nearest neighbor-1: 9
distanceApproximate: 829.171
distanceTrue: 1284.99
Query 13
Nearest neighbor-1: 455
distanceApproximate: 752.74
distanceTrue: 1301.65
Query 14
Nearest neighbor-1: 718
distanceApproximate: 1018.89
distanceTrue: 1249.8
Query 15
Nearest neighbor-1: 546
distanceApproximate: 954.803
distanceTrue: 1244.09
Query 16
Nearest neighbor-1: 646
distanceApproximate: 992.808
distanceTrue: 1150.79
Query 17
Nearest neighbor-1: 730
distanceApproximate: 1048.44
distanceTrue: 1148.34
Query 18
Nearest neighbor-1: 462
distanceApproximate: 746.852
distanceTrue: 1253.18
Query 19
Nearest neighbor-1: 378
distanceApproximate: 1053.06
distanceTrue: 1367.36
Query 20
Nearest neighbor-1: 379
distanceApproximate: 962.398
distanceTrue: 1300.8
Query 21
Nearest neighbor-1: 534
distanceApproximate: 1030.11
distanceTrue: 1212.67
Query 22
Nearest neighbor-1: 292
distanceApproximate: 1062.17
distanceTrue: 1273.77
Query 23
Nearest neighbor-1: 122
distanceApproximate: 897.578
distanceTrue: 1216.92
Query 24
Nearest neighbor-1: 957
distanceApproximate: 864.869
distanceTrue: 1088.41
Query 25
Nearest neighbor-1: 212
distanceApproximate: 866.612
distanceTrue: 1204.02
Query 26
Nearest neighbor-1: 787
distanceApproximate: 1068.57
distanceTrue: 1269.57
Query 27
Nearest neighbor-1: 129
distanceApproximate: 962.604
distanceTrue: 1191.63
Query 28
Nearest neighbor-1: 41
distanceApproximate: 1025.48
distanceTrue: 1210.32
Query 29
Nearest neighbor-1: 383
distanceApproximate: 1032.2
distanceTrue: 1244.7
Query 30
Nearest neighbor-1: 46
distanceApproximate: 879.8
distanceTrue: 1189.99
Query 31
Nearest neighbor-1: 567
distanceApproximate: 902.231
distanceTrue: 1199.87
Query 32
Nearest neighbor-1: 48
distanceApproximate: 698.009
distanceTrue: 1164.67
Query 33
Nearest neighbor-1: 449
distanceApproximate: 1076.13
distanceTrue: 1344.1
Query 34
Nearest neighbor-1: 307
distanceApproximate: 1036.17
distanceTrue: 1240.62
Query 35
Nearest neighbor-1: 573
distanceApproximate: 998.511
distanceTrue: 1352.17
Query 36
Nearest neighbor-1: 309
distanceApproximate: 1018.1
distanceTrue: 1376.61
Query 37
Nearest neighbor-1: 854
distanceApproximate: 998.221
distanceTrue: 1126.79
Query 38
Nearest neighbor-1: 145
distanceApproximate: 882.57
distanceTrue: 1226.52
Query 39
Nearest neighbor-1: 312
distanceApproximate: 872.171
distanceTrue: 1156.56
Query 40
Nearest neighbor-1: 413
distanceApproximate: 873.111
distanceTrue: 1151.32
Query 41
Nearest neighbor-1: 577
distanceApproximate: 822.798
distanceTrue: 1223.46
Query 42
Nearest neighbor-1: 577
distanceApproximate: 805.766
distanceTrue: 1293.5
Query 43
Nearest neighbor-1: 746
distanceApproximate: 877.696
distanceTrue: 1139.49
Query 44
Nearest neighbor-1: 228
distanceApproximate: 932.138
distanceTrue: 1211.19
Query 45
Nearest neighbor-1: 672
distanceApproximate: 937.698
distanceTrue: 1126.5
Query 46
Nearest neighbor-1: 588
distanceApproximate: 810.642
distanceTrue: 1147.03
Query 47
Nearest neighbor-1: 674
distanceApproximate: 972.181
distanceTrue: 1253.76
Query 48
Nearest neighbor-1: 753
distanceApproximate: 973.308
distanceTrue: 1165.8
Query 49
Nearest neighbor-1: 152
distanceApproximate: 972.139
distanceTrue: 1263.19
Query 50
Nearest neighbor-1: 234
distanceApproximate: 992.485
distanceTrue: 1399.18
Query 51
Nearest neighbor-1: 236
distanceApproximate: 867.804
distanceTrue: 1300.14
Query 52
Nearest neighbor-1: 984
distanceApproximate: 826.52
distanceTrue: 1329.59
Query 53
Nearest neighbor-1: 984
distanceApproximate: 868.719
distanceTrue: 1344.2
Query 54
Nearest neighbor-1: 494
distanceApproximate: 1088.51
distanceTrue: 1353.31
Query 55
Nearest neighbor-1: 596
distanceApproximate: 1089.74
distanceTrue: 1300.31
Query 56
Nearest neighbor-1: 597
distanceApproximate: 1016.14
distanceTrue: 1194.94
Query 57
Nearest neighbor-1: 889
distanceApproximate: 1045.51
distanceTrue: 1221.25
Query 58
Nearest neighbor-1: 97
distanceApproximate: 975.118
distanceTrue: 1134.75
Query 59
Nearest neighbor-1: 769
distanceApproximate: 895.611
distanceTrue: 1161.54
Query 60
Nearest neighbor-1: 267
distanceApproximate: 983.968
distanceTrue: 1301.39
Query 61
Nearest neighbor-1: 245
distanceApproximate: 994.39
distanceTrue: 1334.63
Query 62
Nearest neighbor-1: 408
distanceApproximate: 958.339
distanceTrue: 1157.25
Query 63
Nearest neighbor-1: 912
distanceApproximate: 989.904
distanceTrue: 1261.26
Query 64
Nearest neighbor-1: 996
distanceApproximate: 930.46
distanceTrue: 1316.97
Query 65
Nearest neighbor-1: 997
distanceApproximate: 871.731
distanceTrue: 1238.46
Query 66
Nearest neighbor-1: 996
distanceApproximate: 867.857
distanceTrue: 1247.04
Query 67
Nearest neighbor-1: 332
distanceApproximate: 857.647
distanceTrue: 1240.96
Query 68
Nearest neighbor-1: 606
distanceApproximate: 1077.99
distanceTrue: 1307.29
Query 69
Nearest neighbor-1: 171
distanceApproximate: 1071.66
distanceTrue: 1325.91
Query 70
Nearest neighbor-1: 840
distanceApproximate: 963.315
distanceTrue: 1290.28
Query 71
Nearest neighbor-1: 259
distanceApproximate: 1078.9
distanceTrue: 1377.54
Query 72
Nearest neighbor-1: 81
distanceApproximate: 972.874
distanceTrue: 1306.99
Query 73
Nearest neighbor-1: 843
distanceApproximate: 829.995
distanceTrue: 1326.23
Query 74
Nearest neighbor-1: 844
distanceApproximate: 909.972
distanceTrue: 1239.13
Query 75
Nearest neighbor-1: 432
distanceApproximate: 819.64
distanceTrue: 1073.05
Query 76
Nearest neighbor-1: 178
distanceApproximate: 924.624
distanceTrue: 1255.33
Query 77
Nearest neighbor-1: 265
distanceApproximate: 899.113
distanceTrue: 1155.53
Query 78
Nearest neighbor-1: 346
distanceApproximate: 745.545
distanceTrue: 1153.52
Query 79
Nearest neighbor-1: 347
distanceApproximate: 924.866
distanceTrue: 1280.95
Query 80
Nearest neighbor-1: 181
distanceApproximate: 949.269
distanceTrue: 1308.4
Query 81
Nearest neighbor-1: 184
distanceApproximate: 766.839
distanceTrue: 1219.65
Query 82
Nearest neighbor-1: 268
distanceApproximate: 1121.37
distanceTrue: 1317.6
Query 83
Nearest neighbor-1: 352
distanceApproximate: 922.075
distanceTrue: 1252.26
Query 84
Nearest neighbor-1: 703
distanceApproximate: 869.221
distanceTrue: 1382.59
Query 85
Nearest neighbor-1: 362
distanceApproximate: 1157.82
distanceTrue: 1260.79
Query 86
Nearest neighbor-1: 629
distanceApproximate: 969.521
distanceTrue: 1224.21
Query 87
Nearest neighbor-1: 788
distanceApproximate: 996.202
distanceTrue: 1261.77
Query 88
Nearest neighbor-1: 358
distanceApproximate: 894.541
distanceTrue: 1265.52
Query 89
Nearest neighbor-1: 937
distanceApproximate: 754.491
distanceTrue: 1185.74
Query 90
Nearest neighbor-1: 534
distanceApproximate: 754.512
distanceTrue: 1183.12
Query 91
Nearest neighbor-1: 534
distanceApproximate: 788.509
distanceTrue: 1151.25
Query 92
Nearest neighbor-1: 534
distanceApproximate: 619.049
distanceTrue: 1056.28
Query 93
Nearest neighbor-1: 939
distanceApproximate: 739.98
distanceTrue: 1204.16
Query 94
Nearest neighbor-1: 360
distanceApproximate: 987.231
distanceTrue: 1279.59
Query 95
Nearest neighbor-1: 91
distanceApproximate: 1079.78
distanceTrue: 1403.41
Query 96
Nearest neighbor-1: 793
distanceApproximate: 860.002
distanceTrue: 1124.87
Query 97
Nearest neighbor-1: 793
distanceApproximate: 846.59
distanceTrue: 1176.27
Query 98
Nearest neighbor-1: 4
distanceApproximate: 984.673
distanceTrue: 1288.2
Query 99
Nearest neighbor-1: 794
distanceApproximate: 936.334
distanceTrue: 1293.04
Query 100
Nearest neighbor-1: 368
distanceApproximate: 766.02
distanceTrue: 1368.07
Mean AF: 0.735308
tAverageApproximate: 236.44
tAverageTrue: 318.73
