Query 1
Nearest neighbor-1: 355
distanceApproximate: 1365.99
distanceTrue: 1203.39
Query 2
Nearest neighbor-1: 313
distanceApproximate: 1492.53
distanceTrue: 1262.88
Query 3
Nearest neighbor-1: 355
distanceApproximate: 1234.86
distanceTrue: 1108.59
Query 4
Nearest neighbor-1: 355
distanceApproximate: 1401.49
distanceTrue: 1276.45
Query 5
Nearest neighbor-1: 355
distanceApproximate: 1379.08
distanceTrue: 1288.44
Query 6
Nearest neighbor-1: 313
distanceApproximate: 1277.16
distanceTrue: 1159.26
Query 7
Nearest neighbor-1: 355
distanceApproximate: 1308.25
distanceTrue: 1294.28
Query 8
Nearest neighbor-1: 313
distanceApproximate: 1320.12
distanceTrue: 1242.9
Query 9
Nearest neighbor-1: 355
distanceApproximate: 1451.5
distanceTrue: 1365.28
Query 10
Nearest neighbor-1: 355
distanceApproximate: 1427.07
distanceTrue: 1351.7
Query 11
Nearest neighbor-1: 313
distanceApproximate: 1410.68
distanceTrue: 1379.44
Query 12
Nearest neighbor-1: 888
distanceApproximate: 1405.23
distanceTrue: 1284.99
Query 13
Nearest neighbor-1: 355
distanceApproximate: 1363.77
distanceTrue: 1301.65
Query 14
Nearest neighbor-1: 313
distanceApproximate: 1348.21
distanceTrue: 1249.8
Query 15
Nearest neighbor-1: 313
distanceApproximate: 1304.88
distanceTrue: 1244.09
Query 16
Nearest neighbor-1: 355
distanceApproximate: 1414.55
distanceTrue: 1150.79
Query 17
Nearest neighbor-1: 313
distanceApproximate: 1309.8
distanceTrue: 1148.34
Query 18
Nearest neighbor-1: 313
distanceApproximate: 1346.64
distanceTrue: 1253.18
Query 19
Nearest neighbor-1: 313
distanceApproximate: 1432.33
distanceTrue: 1367.36
Query 20
Nearest neighbor-1: 355
distanceApproximate: 1293.89
distanceTrue: 1300.8
Query 21
Nearest neighbor-1: 313
distanceApproximate: 1382.91
distanceTrue: 1212.67
Query 22
Nearest neighbor-1: 313
distanceApproximate: 1374.3
distanceTrue: 1273.77
Query 23
Nearest neighbor-1: 313
distanceApproximate: 1382.59
distanceTrue: 1216.92
Query 24
Nearest neighbor-1: 313
distanceApproximate: 1251.79
distanceTrue: 1088.41
Query 25
Nearest neighbor-1: 355
distanceApproximate: 1383.23
distanceTrue: 1204.02
Query 26
Nearest neighbor-1: 355
distanceApproximate: 1411.33
distanceTrue: 1269.57
Query 27
Nearest neighbor-1: 355
distanceApproximate: 1373.09
distanceTrue: 1191.63
Query 28
Nearest neighbor-1: 313
distanceApproximate: 1356.23
distanceTrue: 1210.32
Query 29
Nearest neighbor-1: 313
distanceApproximate: 1280.04
distanceTrue: 1244.7
Query 30
Nearest neighbor-1: 355
distanceApproximate: 1316.13
distanceTrue: 1189.99
Query 31
Nearest neighbor-1: 355
distanceApproximate: 1308.17
distanceTrue: 1199.87
Query 32
Nearest neighbor-1: 313
distanceApproximate: 1324.77
distanceTrue: 1164.67
Query 33
Nearest neighbor-1: 313
distanceApproximate: 1422.32
distanceTrue: 1344.1
Query 34
Nearest neighbor-1: 355
distanceApproximate: 1373.37
distanceTrue: 1240.62
Query 35
Nearest neighbor-1: 313
distanceApproximate: 1429.47
distanceTrue: 1352.17
Query 36
Nearest neighbor-1: 313
distanceApproximate: 1363.71
distanceTrue: 1376.61
Query 37
Nearest neighbor-1: 355
distanceApproximate: 1309.67
distanceTrue: 1126.79
Query 38
Nearest neighbor-1: 355
distanceApproximate: 1246.96
distanceTrue: 1226.52
Query 39
Nearest neighbor-1: 313
distanceApproximate: 1291.77
distanceTrue: 1156.56
Query 40
Nearest neighbor-1: 355
distanceApproximate: 1260.26
distanceTrue: 1151.32
Query 41
Nearest neighbor-1: 313
distanceApproximate: 1201.32
distanceTrue: 1223.46
Query 42
Nearest neighbor-1: 355
distanceApproximate: 1281.23
distanceTrue: 1293.5
Query 43
Nearest neighbor-1: 355
distanceApproximate: 1372.89
distanceTrue: 1139.49
Query 44
Nearest neighbor-1: 313
distanceApproximate: 1387.34
distanceTrue: 1211.19
Query 45
Nearest neighbor-1: 313
distanceApproximate: 1306.63
distanceTrue: 1126.5
Query 46
Nearest neighbor-1: 355
distanceApproximate: 1347.98
distanceTrue: 1147.03
Query 47
Nearest neighbor-1: 355
distanceApproximate: 1281.51
distanceTrue: 1253.76
Query 48
Nearest neighbor-1: 888
distanceApproximate: 1274.82
distanceTrue: 1165.8
Query 49
Nearest neighbor-1: 355
distanceApproximate: 1376.5
distanceTrue: 1263.19
Query 50
Nearest neighbor-1: 355
distanceApproximate: 1373.58
distanceTrue: 1399.18
Query 51
Nearest neighbor-1: 355
distanceApproximate: 1453.66
distanceTrue: 1300.14
Query 52
Nearest neighbor-1: 313
distanceApproximate: 1385.03
distanceTrue: 1329.59
Query 53
Nearest neighbor-1: 355
distanceApproximate: 1399.55
distanceTrue: 1344.2
Query 54
Nearest neighbor-1: 313
distanceApproximate: 1393.84
distanceTrue: 1353.31
Query 55
Nearest neighbor-1: 313
distanceApproximate: 1465.69
distanceTrue: 1300.31
Query 56
Nearest neighbor-1: 355
distanceApproximate: 1444.94
distanceTrue: 1194.94
Query 57
Nearest neighbor-1: 313
distanceApproximate: 1315.57
distanceTrue: 1221.25
Query 58
Nearest neighbor-1: 355
distanceApproximate: 1247.82
distanceTrue: 1134.75
Query 59
Nearest neighbor-1: 355
distanceApproximate: 1262.78
distanceTrue: 1161.54
Query 60
Nearest neighbor-1: 355
distanceApproximate: 1356.11
distanceTrue: 1301.39
Query 61
Nearest neighbor-1: 355
distanceApproximate: 1495.6
distanceTrue: 1334.63
Query 62
Nearest neighbor-1: 355
distanceApproximate: 1309.63
distanceTrue: 1157.25
Query 63
Nearest neighbor-1: 355
distanceApproximate: 1315.44
distanceTrue: 1261.26
Query 64
Nearest neighbor-1: 313
distanceApproximate: 1433.98
distanceTrue: 1316.97
Query 65
Nearest neighbor-1: 355
distanceApproximate: 1310.49
distanceTrue: 1238.46
Query 66
Nearest neighbor-1: 313
distanceApproximate: 1385.11
distanceTrue: 1247.04
Query 67
Nearest neighbor-1: 355
distanceApproximate: 1433.24
distanceTrue: 1240.96
Query 68
Nearest neighbor-1: 313
distanceApproximate: 1441.71
distanceTrue: 1307.29
Query 69
Nearest neighbor-1: 355
distanceApproximate: 1407.46
distanceTrue: 1325.91
Query 70
Nearest neighbor-1: 355
distanceApproximate: 1343.37
distanceTrue: 1290.28
Query 71
Nearest neighbor-1: 355
distanceApproximate: 1566.05
distanceTrue: 1377.54
Query 72
Nearest neighbor-1: 313
distanceApproximate: 1386.41
distanceTrue: 1306.99
Query 73
Nearest neighbor-1: 355
distanceApproximate: 1388.01
distanceTrue: 1326.23
Query 74
Nearest neighbor-1: 355
distanceApproximate: 1359.67
distanceTrue: 1239.13
Query 75
Nearest neighbor-1: 355
distanceApproximate: 1238.85
distanceTrue: 1073.05
Query 76
Nearest neighbor-1: 355
distanceApproximate: 1357.4
distanceTrue: 1255.33
Query 77
Nearest neighbor-1: 313
distanceApproximate: 1350.09
distanceTrue: 1155.53
Query 78
Nearest neighbor-1: 355
distanceApproximate: 1313.65
distanceTrue: 1153.52
Query 79
Nearest neighbor-1: 355
distanceApproximate: 1480.44
distanceTrue: 1280.95
Query 80
Nearest neighbor-1: 313
distanceApproximate: 1295.82
distanceTrue: 1308.4
Query 81
Nearest neighbor-1: 355
distanceApproximate: 1376.38
distanceTrue: 1219.65
Query 82
Nearest neighbor-1: 355
distanceApproximate: 1456.58
distanceTrue: 1317.6
Query 83
Nearest neighbor-1: 355
distanceApproximate: 1453.38
distanceTrue: 1252.26
Query 84
Nearest neighbor-1: 313
distanceApproximate: 1424.21
distanceTrue: 1382.59
Query 85
Nearest neighbor-1: 313
distanceApproximate: 1524.39
distanceTrue: 1260.79
Query 86
Nearest neighbor-1: 355
distanceApproximate: 1310.46
distanceTrue: 1224.21
Query 87
Nearest neighbor-1: 355
distanceApproximate: 1414.19
distanceTrue: 1261.77
Query 88
Nearest neighbor-1: 355
distanceApproximate: 1407.76
distanceTrue: 1265.52
Query 89
Nearest neighbor-1: 313
distanceApproximate: 1275.17
distanceTrue: 1185.74
Query 90
Nearest neighbor-1: 355
distanceApproximate: 1364.62
distanceTrue: 1183.12
Query 91
Nearest neighbor-1: 313
distanceApproximate: 1282.23
distanceTrue: 1151.25
Query 92
Nearest neighbor-1: 355
distanceApproximate: 1222.39
distanceTrue: 1056.28
Query 93
Nearest neighbor-1: 313
distanceApproximate: 1327.87
distanceTrue: 1204.16
Query 94
Nearest neighbor-1: 355
distanceApproximate: 1336.98
distanceTrue: 1279.59
Query 95
Nearest neighbor-1: 313
distanceApproximate: 1404.11
distanceTrue: 1403.41
Query 96
Nearest neighbor-1: 355
distanceApproximate: 1249.51
distanceTrue: 1124.87
Query 97
Nearest neighbor-1: 355
distanceApproximate: 1395.61
distanceTrue: 1176.27
Query 98
Nearest neighbor-1: 313
distanceApproximate: 1361.76
distanceTrue: 1288.2
Query 99
Nearest neighbor-1: 355
distanceApproximate: 1394.11
distanceTrue: 1293.04
Query 100
Nearest neighbor-1: 355
distanceApproximate: 1350.32
distanceTrue: 1368.07
Mean AF: 1.09342
tAverageApproximate: 3.68
tAverageTrue: 321.85
