Query 1
Nearest neighbor-1: 662
distanceApproximate: 1292.78
distanceTrue: 1203.39
Query 2
Nearest neighbor-1: 180
distanceApproximate: 1430.54
distanceTrue: 1262.88
Query 3
Nearest neighbor-1: 231
distanceApproximate: 1220.54
distanceTrue: 1108.59
Query 4
Nearest neighbor-1: 36
distanceApproximate: 1445.42
distanceTrue: 1276.45
Query 5
Nearest neighbor-1: 59
distanceApproximate: 1305.16
distanceTrue: 1288.44
Query 6
Nearest neighbor-1: 765
distanceApproximate: 1288.91
distanceTrue: 1159.26
Query 7
Nearest neighbor-1: 979
distanceApproximate: 1417.5
distanceTrue: 1294.28
Query 8
Nearest neighbor-1: 995
distanceApproximate: 1185.13
distanceTrue: 1242.9
Query 9
Nearest neighbor-1: 456
distanceApproximate: 1440.29
distanceTrue: 1365.28
Query 10
Nearest neighbor-1: 234
distanceApproximate: 1435.71
distanceTrue: 1351.7
Query 11
Nearest neighbor-1: 949
distanceApproximate: 1417.19
distanceTrue: 1379.44
Query 12
Nearest neighbor-1: 817
distanceApproximate: 1415.73
distanceTrue: 1284.99
Query 13
Nearest neighbor-1: 982
distanceApproximate: 1223.7
distanceTrue: 1301.65
Query 14
Nearest neighbor-1: 947
distanceApproximate: 1348.47
distanceTrue: 1249.8
Query 15
Nearest neighbor-1: 43
distanceApproximate: 1186.15
distanceTrue: 1244.09
Query 16
Nearest neighbor-1: 144
distanceApproximate: 1273.74
distanceTrue: 1150.79
Query 17
Nearest neighbor-1: 220
distanceApproximate: 1451.53
distanceTrue: 1148.34
Query 18
Nearest neighbor-1: 11
distanceApproximate: 1308.67
distanceTrue: 1253.18
Query 19
Nearest neighbor-1: 949
distanceApproximate: 1446.42
distanceTrue: 1367.36
Query 20
Nearest neighbor-1: 985
distanceApproximate: 1285.01
distanceTrue: 1300.8
Query 21
Nearest neighbor-1: 946
distanceApproximate: 1318.36
distanceTrue: 1212.67
Query 22
Nearest neighbor-1: 980
distanceApproximate: 1334.69
distanceTrue: 1273.77
Query 23
Nearest neighbor-1: 941
distanceApproximate: 1171.31
distanceTrue: 1216.92
Query 24
Nearest neighbor-1: 774
distanceApproximate: 1207.71
distanceTrue: 1088.41
Query 25
Nearest neighbor-1: 815
distanceApproximate: 1260.02
distanceTrue: 1204.02
Query 26
Nearest neighbor-1: 185
distanceApproximate: 1394.43
distanceTrue: 1269.57
Query 27
Nearest neighbor-1: 780
distanceApproximate: 1239.7
distanceTrue: 1191.63
Query 28
Nearest neighbor-1: 929
distanceApproximate: 1310.65
distanceTrue: 1210.32
Query 29
Nearest neighbor-1: 896
distanceApproximate: 1301.15
distanceTrue: 1244.7
Query 30
Nearest neighbor-1: 530
distanceApproximate: 1189.08
distanceTrue: 1189.99
Query 31
Nearest neighbor-1: 10
distanceApproximate: 1342.99
distanceTrue: 1199.87
Query 32
Nearest neighbor-1: 811
distanceApproximate: 1217.42
distanceTrue: 1164.67
Query 33
Nearest neighbor-1: 681
distanceApproximate: 1392.53
distanceTrue: 1344.1
Query 34
Nearest neighbor-1: 977
distanceApproximate: 1391.81
distanceTrue: 1240.62
Query 35
Nearest neighbor-1: 863
distanceApproximate: 1422.5
distanceTrue: 1352.17
Query 36
Nearest neighbor-1: 965
distanceApproximate: 1377.22
distanceTrue: 1376.61
Query 37
Nearest neighbor-1: 995
distanceApproximate: 1175.59
distanceTrue: 1126.79
Query 38
Nearest neighbor-1: 918
distanceApproximate: 1249.69
distanceTrue: 1226.52
Query 39
Nearest neighbor-1: 878
distanceApproximate: 1241.62
distanceTrue: 1156.56
Query 40
Nearest neighbor-1: 727
distanceApproximate: 1174.47
distanceTrue: 1151.32
Query 41
Nearest neighbor-1: 916
distanceApproximate: 1195.69
distanceTrue: 1223.46
Query 42
Nearest neighbor-1: 916
distanceApproximate: 1325.86
distanceTrue: 1293.5
Query 43
Nearest neighbor-1: 582
distanceApproximate: 1309.65
distanceTrue: 1139.49
Query 44
Nearest neighbor-1: 748
distanceApproximate: 1297.74
distanceTrue: 1211.19
Query 45
Nearest neighbor-1: 100
distanceApproximate: 1277.99
distanceTrue: 1126.5
Query 46
Nearest neighbor-1: 234
distanceApproximate: 1407.67
distanceTrue: 1147.03
Query 47
Nearest neighbor-1: 927
distanceApproximate: 1194.12
distanceTrue: 1253.76
Query 48
Nearest neighbor-1: 860
distanceApproximate: 1315.09
distanceTrue: 1165.8
Query 49
Nearest neighbor-1: 631
distanceApproximate: 1215.77
distanceTrue: 1263.19
Query 50
Nearest neighbor-1: 965
distanceApproximate: 1348.31
distanceTrue: 1399.18
Query 51
Nearest neighbor-1: 861
distanceApproximate: 1285.88
distanceTrue: 1300.14
Query 52
Nearest neighbor-1: 949
distanceApproximate: 1380.11
distanceTrue: 1329.59
Query 53
Nearest neighbor-1: 829
distanceApproximate: 1244.14
distanceTrue: 1344.2
Query 54
Nearest neighbor-1: 660
distanceApproximate: 1373.5
distanceTrue: 1353.31
Query 55
Nearest neighbor-1: 375
distanceApproximate: 1280.95
distanceTrue: 1300.31
Query 56
Nearest neighbor-1: 80
distanceApproximate: 1349.17
distanceTrue: 1194.94
Query 57
Nearest neighbor-1: 862
distanceApproximate: 1367.41
distanceTrue: 1221.25
Query 58
Nearest neighbor-1: 974
distanceApproximate: 1270.28
distanceTrue: 1134.75
Query 59
Nearest neighbor-1: 806
distanceApproximate: 1296.62
distanceTrue: 1161.54
Query 60
Nearest neighbor-1: 271
distanceApproximate: 1261.95
distanceTrue: 1301.39
Query 61
Nearest neighbor-1: 941
distanceApproximate: 1262.47
distanceTrue: 1334.63
Query 62
Nearest neighbor-1: 156
distanceApproximate: 1294.25
distanceTrue: 1157.25
Query 63
Nearest neighbor-1: 639
distanceApproximate: 1199.61
distanceTrue: 1261.26
Query 64
Nearest neighbor-1: 295
distanceApproximate: 1366.78
distanceTrue: 1316.97
Query 65
Nearest neighbor-1: 326
distanceApproximate: 1271.46
distanceTrue: 1238.46
Query 66
Nearest neighbor-1: 982
distanceApproximate: 1153.53
distanceTrue: 1247.04
Query 67
Nearest neighbor-1: 927
distanceApproximate: 1402.42
distanceTrue: 1240.96
Query 68
Nearest neighbor-1: 974
distanceApproximate: 1317.58
distanceTrue: 1307.29
Query 69
Nearest neighbor-1: 980
distanceApproximate: 1307.49
distanceTrue: 1325.91
Query 70
Nearest neighbor-1: 978
distanceApproximate: 1369.25
distanceTrue: 1290.28
Query 71
Nearest neighbor-1: 982
distanceApproximate: 1404.38
distanceTrue: 1377.54
Query 72
Nearest neighbor-1: 988
distanceApproximate: 1283.59
distanceTrue: 1306.99
Query 73
Nearest neighbor-1: 857
distanceApproximate: 1336.11
distanceTrue: 1326.23
Query 74
Nearest neighbor-1: 315
distanceApproximate: 1310.48
distanceTrue: 1239.13
Query 75
Nearest neighbor-1: 852
distanceApproximate: 1226.71
distanceTrue: 1073.05
Query 76
Nearest neighbor-1: 185
distanceApproximate: 1387.13
distanceTrue: 1255.33
Query 77
Nearest neighbor-1: 261
distanceApproximate: 1237.75
distanceTrue: 1155.53
Query 78
Nearest neighbor-1: 941
distanceApproximate: 1239.86
distanceTrue: 1153.52
Query 79
Nearest neighbor-1: 708
distanceApproximate: 1431.33
distanceTrue: 1280.95
Query 80
Nearest neighbor-1: 676
distanceApproximate: 1244.25
distanceTrue: 1308.4
Query 81
Nearest neighbor-1: 884
distanceApproximate: 1349.74
distanceTrue: 1219.65
Query 82
Nearest neighbor-1: 743
distanceApproximate: 1457.53
distanceTrue: 1317.6
Query 83
Nearest neighbor-1: 867
distanceApproximate: 1224.35
distanceTrue: 1252.26
Query 84
Nearest neighbor-1: 60
distanceApproximate: 1339.29
distanceTrue: 1382.59
Query 85
Nearest neighbor-1: 420
distanceApproximate: 1395.91
distanceTrue: 1260.79
Query 86
Nearest neighbor-1: 852
distanceApproximate: 1322.47
distanceTrue: 1224.21
Query 87
Nearest neighbor-1: 875
distanceApproximate: 1348.42
distanceTrue: 1261.77
Query 88
Nearest neighbor-1: 997
distanceApproximate: 1401.53
distanceTrue: 1265.52
Query 89
Nearest neighbor-1: 324
distanceApproximate: 1279.12
distanceTrue: 1185.74
Query 90
Nearest neighbor-1: 827
distanceApproximate: 1347.65
distanceTrue: 1183.12
Query 91
Nearest neighbor-1: 643
distanceApproximate: 1280.34
distanceTrue: 1151.25
Query 92
Nearest neighbor-1: 185
distanceApproximate: 1282.01
distanceTrue: 1056.28
Query 93
Nearest neighbor-1: 851
distanceApproximate: 1335.48
distanceTrue: 1204.16
Query 94
Nearest neighbor-1: 884
distanceApproximate: 1243.45
distanceTrue: 1279.59
Query 95
Nearest neighbor-1: 184
distanceApproximate: 1302.06
distanceTrue: 1403.41
Query 96
Nearest neighbor-1: 256
distanceApproximate: 1273.3
distanceTrue: 1124.87
Query 97
Nearest neighbor-1: 961
distanceApproximate: 1219.4
distanceTrue: 1176.27
Query 98
Nearest neighbor-1: 88
distanceApproximate: 1378.4
distanceTrue: 1288.2
Query 99
Nearest neighbor-1: 878
distanceApproximate: 1209.65
distanceTrue: 1293.04
Query 100
Nearest neighbor-1: 774
distanceApproximate: 1228.84
distanceTrue: 1368.07
Mean AF: 1.05209
tAverageApproximate: 6.12
tAverageTrue: 305.56
